# JRE version: OpenJDK Runtime Environment (11.0.8+10) (build 11.0.8+10-b944.6842174)
# Java VM: OpenJDK 64-Bit Server VM (11.0.8+10-b944.6842174, mixed mode, tiered, compressed oops, g1 gc, windows-amd64)
Heap:
 garbage-first heap   total 668672K, used 139613K [0x0000000080000000, 0x0000000100000000)
  region size 1024K, 10 young (10240K), 10 survivors (10240K)
 Metaspace       used 98588K, capacity 100817K, committed 101068K, reserved 1136640K
  class space    used 12596K, capacity 13414K, committed 13516K, reserved 1048576K
GC Heap History (20 events):
Event: 17.836 GC heap after
{Heap after GC invocations=29 (full 0):
 garbage-first heap   total 227328K, used 132321K [0x0000000080000000, 0x0000000100000000)
  region size 1024K, 3 young (3072K), 3 survivors (3072K)
 Metaspace       used 96654K, capacity 98890K, committed 99148K, reserved 1134592K
  class space    used 12459K, capacity 13290K, committed 13388K, reserved 1048576K
}
Event: 18.029 GC heap before
{Heap before GC invocations=29 (full 0):
 garbage-first heap   total 227328K, used 183521K [0x0000000080000000, 0x0000000100000000)
  region size 1024K, 54 young (55296K), 3 survivors (3072K)
 Metaspace       used 96659K, capacity 98890K, committed 99148K, reserved 1134592K
  class space    used 12459K, capacity 13290K, committed 13388K, reserved 1048576K
}
Event: 18.035 GC heap after
{Heap after GC invocations=30 (full 0):
 garbage-first heap   total 227328K, used 132179K [0x0000000080000000, 0x0000000100000000)
  region size 1024K, 3 young (3072K), 3 survivors (3072K)
 Metaspace       used 96659K, capacity 98890K, committed 99148K, reserved 1134592K
  class space    used 12459K, capacity 13290K, committed 13388K, reserved 1048576K
}
Event: 18.448 GC heap before
{Heap before GC invocations=31 (full 0):
 garbage-first heap   total 227328K, used 186451K [0x0000000080000000, 0x0000000100000000)
  region size 1024K, 56 young (57344K), 3 survivors (3072K)
 Metaspace       used 96578K, capacity 98667K, committed 99148K, reserved 1134592K
  class space    used 12407K, capacity 13182K, committed 13388K, reserved 1048576K
}
Event: 18.457 GC heap after
{Heap after GC invocations=32 (full 0):
 garbage-first heap   total 273408K, used 131929K [0x0000000080000000, 0x0000000100000000)
  region size 1024K, 3 young (3072K), 3 survivors (3072K)
 Metaspace       used 96578K, capacity 98667K, committed 99148K, reserved 1134592K
  class space    used 12407K, capacity 13182K, committed 13388K, reserved 1048576K
}
Event: 18.714 GC heap before
{Heap before GC invocations=32 (full 0):
 garbage-first heap   total 273408K, used 208729K [0x0000000080000000, 0x0000000100000000)
  region size 1024K, 78 young (79872K), 3 survivors (3072K)
 Metaspace       used 97410K, capacity 99607K, committed 100044K, reserved 1136640K
  class space    used 12514K, capacity 13305K, committed 13516K, reserved 1048576K
}
Event: 18.720 GC heap after
{Heap after GC invocations=33 (full 0):
 garbage-first heap   total 273408K, used 132743K [0x0000000080000000, 0x0000000100000000)
  region size 1024K, 4 young (4096K), 4 survivors (4096K)
 Metaspace       used 97410K, capacity 99607K, committed 100044K, reserved 1136640K
  class space    used 12514K, capacity 13305K, committed 13516K, reserved 1048576K
}
Event: 19.081 GC heap before
{Heap before GC invocations=33 (full 0):
 garbage-first heap   total 273408K, used 213639K [0x0000000080000000, 0x0000000100000000)
  region size 1024K, 83 young (84992K), 4 survivors (4096K)
 Metaspace       used 97559K, capacity 99800K, committed 100300K, reserved 1136640K
  class space    used 12535K, capacity 13348K, committed 13516K, reserved 1048576K
}
Event: 19.089 GC heap after
{Heap after GC invocations=34 (full 0):
 garbage-first heap   total 273408K, used 133689K [0x0000000080000000, 0x0000000100000000)
  region size 1024K, 5 young (5120K), 5 survivors (5120K)
 Metaspace       used 97559K, capacity 99800K, committed 100300K, reserved 1136640K
  class space    used 12535K, capacity 13348K, committed 13516K, reserved 1048576K
}
Event: 19.329 GC heap before
{Heap before GC invocations=35 (full 0):
 garbage-first heap   total 273408K, used 219705K [0x0000000080000000, 0x0000000100000000)
  region size 1024K, 89 young (91136K), 5 survivors (5120K)
 Metaspace       used 97977K, capacity 100220K, committed 100556K, reserved 1136640K
  class space    used 12587K, capacity 13403K, committed 13516K, reserved 1048576K
}
Event: 19.338 GC heap after
{Heap after GC invocations=36 (full 0):
 garbage-first heap   total 273408K, used 134087K [0x0000000080000000, 0x0000000100000000)
  region size 1024K, 5 young (5120K), 5 survivors (5120K)
 Metaspace       used 97977K, capacity 100220K, committed 100556K, reserved 1136640K
  class space    used 12587K, capacity 13403K, committed 13516K, reserved 1048576K
}
Event: 19.500 GC heap before
{Heap before GC invocations=36 (full 0):
 garbage-first heap   total 273408K, used 225223K [0x0000000080000000, 0x0000000100000000)
  region size 1024K, 95 young (97280K), 5 survivors (5120K)
 Metaspace       used 98097K, capacity 100288K, committed 100556K, reserved 1136640K
  class space    used 12588K, capacity 13403K, committed 13516K, reserved 1048576K
}
Event: 19.518 GC heap after
{Heap after GC invocations=37 (full 0):
 garbage-first heap   total 328704K, used 137669K [0x0000000080000000, 0x0000000100000000)
  region size 1024K, 9 young (9216K), 9 survivors (9216K)
 Metaspace       used 98097K, capacity 100288K, committed 100556K, reserved 1136640K
  class space    used 12588K, capacity 13403K, committed 13516K, reserved 1048576K
}
Event: 19.864 GC heap before
{Heap before GC invocations=37 (full 0):
 garbage-first heap   total 328704K, used 249285K [0x0000000080000000, 0x0000000100000000)
  region size 1024K, 118 young (120832K), 9 survivors (9216K)
 Metaspace       used 98259K, capacity 100495K, committed 100812K, reserved 1136640K
  class space    used 12588K, capacity 13403K, committed 13516K, reserved 1048576K
}
Event: 19.878 GC heap after
{Heap after GC invocations=38 (full 0):
 garbage-first heap   total 328704K, used 137554K [0x0000000080000000, 0x0000000100000000)
  region size 1024K, 8 young (8192K), 8 survivors (8192K)
 Metaspace       used 98259K, capacity 100495K, committed 100812K, reserved 1136640K
  class space    used 12588K, capacity 13403K, committed 13516K, reserved 1048576K
}
Event: 20.146 GC heap before
{Heap before GC invocations=39 (full 0):
 garbage-first heap   total 328704K, used 275794K [0x0000000080000000, 0x0000000100000000)
  region size 1024K, 143 young (146432K), 8 survivors (8192K)
 Metaspace       used 98374K, capacity 100575K, committed 100812K, reserved 1136640K
  class space    used 12590K, capacity 13406K, committed 13516K, reserved 1048576K
}
Event: 20.191 GC heap after
{Heap after GC invocations=40 (full 0):
 garbage-first heap   total 328704K, used 137500K [0x0000000080000000, 0x0000000100000000)
  region size 1024K, 8 young (8192K), 8 survivors (8192K)
 Metaspace       used 98374K, capacity 100575K, committed 100812K, reserved 1136640K
  class space    used 12590K, capacity 13406K, committed 13516K, reserved 1048576K
}
Event: 21.162 GC heap before
{Heap before GC invocations=40 (full 0):
 garbage-first heap   total 328704K, used 278812K [0x0000000080000000, 0x0000000100000000)
  region size 1024K, 146 young (149504K), 8 survivors (8192K)
 Metaspace       used 98397K, capacity 100651K, committed 100812K, reserved 1136640K
  class space    used 12592K, capacity 13409K, committed 13516K, reserved 1048576K
}
Event: 21.296 GC heap after
{Heap after GC invocations=41 (full 0):
 garbage-first heap   total 328704K, used 138589K [0x0000000080000000, 0x0000000100000000)
  region size 1024K, 9 young (9216K), 9 survivors (9216K)
 Metaspace       used 98397K, capacity 100651K, committed 100812K, reserved 1136640K
  class space    used 12592K, capacity 13409K, committed 13516K, reserved 1048576K
}
Event: 22.012 GC heap before
{Heap before GC invocations=41 (full 0):
 garbage-first heap   total 328704K, used 279901K [0x0000000080000000, 0x0000000100000000)
  region size 1024K, 147 young (150528K), 9 survivors (9216K)
 Metaspace       used 98588K, capacity 100817K, committed 101068K, reserved 1136640K
  class space    used 12596K, capacity 13414K, committed 13516K, reserved 1048576K
}

