# JRE version: OpenJDK Runtime Environment (11.0.8+10) (build 11.0.8+10-b944.6842174)
# Java VM: OpenJDK 64-Bit Server VM (11.0.8+10-b944.6842174, mixed mode, tiered, compressed oops, g1 gc, windows-amd64)
Heap:
 garbage-first heap   total 367616K, used 134200K [0x0000000080000000, 0x0000000100000000)
  region size 1024K, 10 young (10240K), 10 survivors (10240K)
 Metaspace       used 94180K, capacity 96324K, committed 97408K, reserved 1132544K
  class space    used 12188K, capacity 13021K, committed 13440K, reserved 1048576K
GC Heap History (20 events):
Event: 8.489 GC heap after
{Heap after GC invocations=20 (full 0):
 garbage-first heap   total 227328K, used 114311K [0x0000000080000000, 0x0000000100000000)
  region size 1024K, 10 young (10240K), 10 survivors (10240K)
 Metaspace       used 88792K, capacity 91141K, committed 91264K, reserved 1128448K
  class space    used 11683K, capacity 12615K, committed 12672K, reserved 1048576K
}
Event: 8.657 GC heap before
{Heap before GC invocations=20 (full 0):
 garbage-first heap   total 227328K, used 174727K [0x0000000080000000, 0x0000000100000000)
  region size 1024K, 69 young (70656K), 10 survivors (10240K)
 Metaspace       used 91577K, capacity 94133K, committed 94336K, reserved 1130496K
  class space    used 12189K, capacity 13179K, committed 13184K, reserved 1048576K
}
Event: 8.684 GC heap after
{Heap after GC invocations=21 (full 0):
 garbage-first heap   total 227328K, used 122880K [0x0000000080000000, 0x0000000100000000)
  region size 1024K, 8 young (8192K), 8 survivors (8192K)
 Metaspace       used 91577K, capacity 94133K, committed 94336K, reserved 1130496K
  class space    used 12189K, capacity 13179K, committed 13184K, reserved 1048576K
}
Event: 9.001 GC heap before
{Heap before GC invocations=22 (full 0):
 garbage-first heap   total 227328K, used 178176K [0x0000000080000000, 0x0000000100000000)
  region size 1024K, 63 young (64512K), 8 survivors (8192K)
 Metaspace       used 92097K, capacity 94368K, committed 95232K, reserved 1130496K
  class space    used 12108K, capacity 13005K, committed 13312K, reserved 1048576K
}
Event: 9.013 GC heap after
{Heap after GC invocations=23 (full 0):
 garbage-first heap   total 227328K, used 124301K [0x0000000080000000, 0x0000000100000000)
  region size 1024K, 2 young (2048K), 2 survivors (2048K)
 Metaspace       used 92097K, capacity 94368K, committed 95232K, reserved 1130496K
  class space    used 12108K, capacity 13005K, committed 13312K, reserved 1048576K
}
Event: 9.180 GC heap before
{Heap before GC invocations=23 (full 0):
 garbage-first heap   total 227328K, used 181645K [0x0000000080000000, 0x0000000100000000)
  region size 1024K, 58 young (59392K), 2 survivors (2048K)
 Metaspace       used 92191K, capacity 94439K, committed 95488K, reserved 1132544K
  class space    used 12112K, capacity 13007K, committed 13312K, reserved 1048576K
}
Event: 9.185 GC heap after
{Heap after GC invocations=24 (full 0):
 garbage-first heap   total 306176K, used 124564K [0x0000000080000000, 0x0000000100000000)
  region size 1024K, 2 young (2048K), 2 survivors (2048K)
 Metaspace       used 92191K, capacity 94439K, committed 95488K, reserved 1132544K
  class space    used 12112K, capacity 13007K, committed 13312K, reserved 1048576K
}
Event: 9.506 GC heap before
{Heap before GC invocations=25 (full 0):
 garbage-first heap   total 306176K, used 217748K [0x0000000080000000, 0x0000000100000000)
  region size 1024K, 93 young (95232K), 2 survivors (2048K)
 Metaspace       used 91989K, capacity 94069K, committed 95744K, reserved 1132544K
  class space    used 11977K, capacity 12751K, committed 13312K, reserved 1048576K
}
Event: 9.510 GC heap after
{Heap after GC invocations=26 (full 0):
 garbage-first heap   total 306176K, used 125262K [0x0000000080000000, 0x0000000100000000)
  region size 1024K, 3 young (3072K), 3 survivors (3072K)
 Metaspace       used 91989K, capacity 94069K, committed 95744K, reserved 1132544K
  class space    used 11977K, capacity 12751K, committed 13312K, reserved 1048576K
}
Event: 9.715 GC heap before
{Heap before GC invocations=26 (full 0):
 garbage-first heap   total 306176K, used 233806K [0x0000000080000000, 0x0000000100000000)
  region size 1024K, 109 young (111616K), 3 survivors (3072K)
 Metaspace       used 92081K, capacity 94142K, committed 95744K, reserved 1132544K
  class space    used 11989K, capacity 12754K, committed 13312K, reserved 1048576K
}
Event: 9.720 GC heap after
{Heap after GC invocations=27 (full 0):
 garbage-first heap   total 306176K, used 127859K [0x0000000080000000, 0x0000000100000000)
  region size 1024K, 5 young (5120K), 5 survivors (5120K)
 Metaspace       used 92081K, capacity 94142K, committed 95744K, reserved 1132544K
  class space    used 11989K, capacity 12754K, committed 13312K, reserved 1048576K
}
Event: 9.904 GC heap before
{Heap before GC invocations=27 (full 0):
 garbage-first heap   total 306176K, used 244595K [0x0000000080000000, 0x0000000100000000)
  region size 1024K, 120 young (122880K), 5 survivors (5120K)
 Metaspace       used 92417K, capacity 94468K, committed 96000K, reserved 1132544K
  class space    used 12012K, capacity 12799K, committed 13312K, reserved 1048576K
}
Event: 9.910 GC heap after
{Heap after GC invocations=28 (full 0):
 garbage-first heap   total 306176K, used 129229K [0x0000000080000000, 0x0000000100000000)
  region size 1024K, 7 young (7168K), 7 survivors (7168K)
 Metaspace       used 92417K, capacity 94468K, committed 96000K, reserved 1132544K
  class space    used 12012K, capacity 12799K, committed 13312K, reserved 1048576K
}
Event: 10.088 GC heap before
{Heap before GC invocations=28 (full 0):
 garbage-first heap   total 306176K, used 248013K [0x0000000080000000, 0x0000000100000000)
  region size 1024K, 124 young (126976K), 7 survivors (7168K)
 Metaspace       used 92695K, capacity 94767K, committed 96256K, reserved 1132544K
  class space    used 12034K, capacity 12812K, committed 13312K, reserved 1048576K
}
Event: 10.095 GC heap after
{Heap after GC invocations=29 (full 0):
 garbage-first heap   total 306176K, used 129964K [0x0000000080000000, 0x0000000100000000)
  region size 1024K, 7 young (7168K), 7 survivors (7168K)
 Metaspace       used 92695K, capacity 94767K, committed 96256K, reserved 1132544K
  class space    used 12034K, capacity 12812K, committed 13312K, reserved 1048576K
}
Event: 10.268 GC heap before
{Heap before GC invocations=29 (full 0):
 garbage-first heap   total 306176K, used 255916K [0x0000000080000000, 0x0000000100000000)
  region size 1024K, 130 young (133120K), 7 survivors (7168K)
 Metaspace       used 93140K, capacity 95229K, committed 96640K, reserved 1132544K
  class space    used 12072K, capacity 12858K, committed 13440K, reserved 1048576K
}
Event: 10.276 GC heap after
{Heap after GC invocations=30 (full 0):
 garbage-first heap   total 306176K, used 130808K [0x0000000080000000, 0x0000000100000000)
  region size 1024K, 8 young (8192K), 8 survivors (8192K)
 Metaspace       used 93140K, capacity 95229K, committed 96640K, reserved 1132544K
  class space    used 12072K, capacity 12858K, committed 13440K, reserved 1048576K
}
Event: 10.456 GC heap before
{Heap before GC invocations=30 (full 0):
 garbage-first heap   total 306176K, used 257784K [0x0000000080000000, 0x0000000100000000)
  region size 1024K, 132 young (135168K), 8 survivors (8192K)
 Metaspace       used 93705K, capacity 95767K, committed 97152K, reserved 1132544K
  class space    used 12126K, capacity 12925K, committed 13440K, reserved 1048576K
}
Event: 10.465 GC heap after
{Heap after GC invocations=31 (full 0):
 garbage-first heap   total 306176K, used 133471K [0x0000000080000000, 0x0000000100000000)
  region size 1024K, 11 young (11264K), 11 survivors (11264K)
 Metaspace       used 93705K, capacity 95767K, committed 97152K, reserved 1132544K
  class space    used 12126K, capacity 12925K, committed 13440K, reserved 1048576K
}
Event: 10.636 GC heap before
{Heap before GC invocations=31 (full 0):
 garbage-first heap   total 306176K, used 259423K [0x0000000080000000, 0x0000000100000000)
  region size 1024K, 134 young (137216K), 11 survivors (11264K)
 Metaspace       used 94180K, capacity 96324K, committed 97408K, reserved 1132544K
  class space    used 12188K, capacity 13021K, committed 13440K, reserved 1048576K
}

