# JRE version: OpenJDK Runtime Environment (11.0.8+10) (build 11.0.8+10-b944.6842174)
# Java VM: OpenJDK 64-Bit Server VM (11.0.8+10-b944.6842174, mixed mode, tiered, compressed oops, g1 gc, windows-amd64)
Heap:
 garbage-first heap   total 131072K, used 33319K [0x0000000080000000, 0x0000000100000000)
  region size 1024K, 17 young (17408K), 6 survivors (6144K)
 Metaspace       used 36559K, capacity 37267K, committed 37504K, reserved 1081344K
  class space    used 4651K, capacity 4927K, committed 4992K, reserved 1048576K
GC Heap History (10 events):
Event: 1.167 GC heap before
{Heap before GC invocations=0 (full 0):
 garbage-first heap   total 131072K, used 29696K [0x0000000080000000, 0x0000000100000000)
  region size 1024K, 24 young (24576K), 0 survivors (0K)
 Metaspace       used 10462K, capacity 10677K, committed 11008K, reserved 1058816K
  class space    used 1097K, capacity 1195K, committed 1280K, reserved 1048576K
}
Event: 1.183 GC heap after
{Heap after GC invocations=1 (full 0):
 garbage-first heap   total 131072K, used 8784K [0x0000000080000000, 0x0000000100000000)
  region size 1024K, 3 young (3072K), 3 survivors (3072K)
 Metaspace       used 10462K, capacity 10677K, committed 11008K, reserved 1058816K
  class space    used 1097K, capacity 1195K, committed 1280K, reserved 1048576K
}
Event: 4.729 GC heap before
{Heap before GC invocations=1 (full 0):
 garbage-first heap   total 131072K, used 82512K [0x0000000080000000, 0x0000000100000000)
  region size 1024K, 76 young (77824K), 3 survivors (3072K)
 Metaspace       used 18916K, capacity 19410K, committed 19712K, reserved 1067008K
  class space    used 2286K, capacity 2458K, committed 2560K, reserved 1048576K
}
Event: 4.740 GC heap after
{Heap after GC invocations=2 (full 0):
 garbage-first heap   total 131072K, used 15309K [0x0000000080000000, 0x0000000100000000)
  region size 1024K, 10 young (10240K), 10 survivors (10240K)
 Metaspace       used 18916K, capacity 19410K, committed 19712K, reserved 1067008K
  class space    used 2286K, capacity 2458K, committed 2560K, reserved 1048576K
}
Event: 5.037 GC heap before
{Heap before GC invocations=2 (full 0):
 garbage-first heap   total 131072K, used 28621K [0x0000000080000000, 0x0000000100000000)
  region size 1024K, 24 young (24576K), 10 survivors (10240K)
 Metaspace       used 20671K, capacity 21115K, committed 21248K, reserved 1067008K
  class space    used 2539K, capacity 2712K, committed 2816K, reserved 1048576K
}
Event: 5.049 GC heap after
{Heap after GC invocations=3 (full 0):
 garbage-first heap   total 131072K, used 15969K [0x0000000080000000, 0x0000000100000000)
  region size 1024K, 1 young (1024K), 1 survivors (1024K)
 Metaspace       used 20671K, capacity 21115K, committed 21248K, reserved 1067008K
  class space    used 2539K, capacity 2712K, committed 2816K, reserved 1048576K
}
Event: 6.109 GC heap before
{Heap before GC invocations=4 (full 0):
 garbage-first heap   total 131072K, used 76385K [0x0000000080000000, 0x0000000100000000)
  region size 1024K, 60 young (61440K), 1 survivors (1024K)
 Metaspace       used 27200K, capacity 27877K, committed 27904K, reserved 1073152K
  class space    used 3587K, capacity 3822K, committed 3840K, reserved 1048576K
}
Event: 6.114 GC heap after
{Heap after GC invocations=5 (full 0):
 garbage-first heap   total 131072K, used 18067K [0x0000000080000000, 0x0000000100000000)
  region size 1024K, 3 young (3072K), 3 survivors (3072K)
 Metaspace       used 27200K, capacity 27877K, committed 27904K, reserved 1073152K
  class space    used 3587K, capacity 3822K, committed 3840K, reserved 1048576K
}
Event: 7.058 GC heap before
{Heap before GC invocations=5 (full 0):
 garbage-first heap   total 131072K, used 55955K [0x0000000080000000, 0x0000000100000000)
  region size 1024K, 42 young (43008K), 3 survivors (3072K)
 Metaspace       used 35119K, capacity 35773K, committed 35840K, reserved 1081344K
  class space    used 4571K, capacity 4856K, committed 4864K, reserved 1048576K
}
Event: 7.073 GC heap after
{Heap after GC invocations=6 (full 0):
 garbage-first heap   total 131072K, used 21031K [0x0000000080000000, 0x0000000100000000)
  region size 1024K, 6 young (6144K), 6 survivors (6144K)
 Metaspace       used 35119K, capacity 35773K, committed 35840K, reserved 1081344K
  class space    used 4571K, capacity 4856K, committed 4864K, reserved 1048576K
}

