# JRE version: OpenJDK Runtime Environment (11.0.8+10) (build 11.0.8+10-b944.6842174)
# Java VM: OpenJDK 64-Bit Server VM (11.0.8+10-b944.6842174, mixed mode, tiered, compressed oops, g1 gc, windows-amd64)
Heap:
 garbage-first heap   total 131072K, used 75445K [0x0000000080000000, 0x0000000100000000)
  region size 1024K, 41 young (41984K), 9 survivors (9216K)
 Metaspace       used 54313K, capacity 55628K, committed 55808K, reserved 1097728K
  class space    used 6925K, capacity 7398K, committed 7424K, reserved 1048576K
GC Heap History (16 events):
Event: 1.461 GC heap before
{Heap before GC invocations=0 (full 0):
 garbage-first heap   total 131072K, used 29696K [0x0000000080000000, 0x0000000100000000)
  region size 1024K, 24 young (24576K), 0 survivors (0K)
 Metaspace       used 10448K, capacity 10645K, committed 11008K, reserved 1058816K
  class space    used 1094K, capacity 1163K, committed 1280K, reserved 1048576K
}
Event: 1.467 GC heap after
{Heap after GC invocations=1 (full 0):
 garbage-first heap   total 131072K, used 9066K [0x0000000080000000, 0x0000000100000000)
  region size 1024K, 3 young (3072K), 3 survivors (3072K)
 Metaspace       used 10448K, capacity 10645K, committed 11008K, reserved 1058816K
  class space    used 1094K, capacity 1163K, committed 1280K, reserved 1048576K
}
Event: 5.227 GC heap before
{Heap before GC invocations=1 (full 0):
 garbage-first heap   total 131072K, used 82794K [0x0000000080000000, 0x0000000100000000)
  region size 1024K, 76 young (77824K), 3 survivors (3072K)
 Metaspace       used 18920K, capacity 19410K, committed 19712K, reserved 1067008K
  class space    used 2285K, capacity 2458K, committed 2560K, reserved 1048576K
}
Event: 5.242 GC heap after
{Heap after GC invocations=2 (full 0):
 garbage-first heap   total 131072K, used 15476K [0x0000000080000000, 0x0000000100000000)
  region size 1024K, 10 young (10240K), 10 survivors (10240K)
 Metaspace       used 18920K, capacity 19410K, committed 19712K, reserved 1067008K
  class space    used 2285K, capacity 2458K, committed 2560K, reserved 1048576K
}
Event: 5.607 GC heap before
{Heap before GC invocations=2 (full 0):
 garbage-first heap   total 131072K, used 28788K [0x0000000080000000, 0x0000000100000000)
  region size 1024K, 24 young (24576K), 10 survivors (10240K)
 Metaspace       used 20673K, capacity 21115K, committed 21248K, reserved 1067008K
  class space    used 2538K, capacity 2712K, committed 2816K, reserved 1048576K
}
Event: 5.623 GC heap after
{Heap after GC invocations=3 (full 0):
 garbage-first heap   total 131072K, used 16056K [0x0000000080000000, 0x0000000100000000)
  region size 1024K, 1 young (1024K), 1 survivors (1024K)
 Metaspace       used 20673K, capacity 21115K, committed 21248K, reserved 1067008K
  class space    used 2538K, capacity 2712K, committed 2816K, reserved 1048576K
}
Event: 6.524 GC heap before
{Heap before GC invocations=4 (full 0):
 garbage-first heap   total 131072K, used 80568K [0x0000000080000000, 0x0000000100000000)
  region size 1024K, 64 young (65536K), 1 survivors (1024K)
 Metaspace       used 27599K, capacity 28278K, committed 28544K, reserved 1073152K
  class space    used 3642K, capacity 3891K, committed 3968K, reserved 1048576K
}
Event: 6.529 GC heap after
{Heap after GC invocations=5 (full 0):
 garbage-first heap   total 131072K, used 18248K [0x0000000080000000, 0x0000000100000000)
  region size 1024K, 3 young (3072K), 3 survivors (3072K)
 Metaspace       used 27599K, capacity 28278K, committed 28544K, reserved 1073152K
  class space    used 3642K, capacity 3891K, committed 3968K, reserved 1048576K
}
Event: 7.300 GC heap before
{Heap before GC invocations=5 (full 0):
 garbage-first heap   total 131072K, used 51016K [0x0000000080000000, 0x0000000100000000)
  region size 1024K, 37 young (37888K), 3 survivors (3072K)
 Metaspace       used 35082K, capacity 35769K, committed 35840K, reserved 1081344K
  class space    used 4565K, capacity 4856K, committed 4864K, reserved 1048576K
}
Event: 7.310 GC heap after
{Heap after GC invocations=6 (full 0):
 garbage-first heap   total 131072K, used 21098K [0x0000000080000000, 0x0000000100000000)
  region size 1024K, 6 young (6144K), 6 survivors (6144K)
 Metaspace       used 35082K, capacity 35769K, committed 35840K, reserved 1081344K
  class space    used 4565K, capacity 4856K, committed 4864K, reserved 1048576K
}
Event: 8.265 GC heap before
{Heap before GC invocations=7 (full 0):
 garbage-first heap   total 131072K, used 82538K [0x0000000080000000, 0x0000000100000000)
  region size 1024K, 63 young (64512K), 6 survivors (6144K)
 Metaspace       used 40727K, capacity 41566K, committed 41600K, reserved 1085440K
  class space    used 5201K, capacity 5501K, committed 5504K, reserved 1048576K
}
Event: 8.274 GC heap after
{Heap after GC invocations=8 (full 0):
 garbage-first heap   total 131072K, used 24629K [0x0000000080000000, 0x0000000100000000)
  region size 1024K, 7 young (7168K), 7 survivors (7168K)
 Metaspace       used 40727K, capacity 41566K, committed 41600K, reserved 1085440K
  class space    used 5201K, capacity 5501K, committed 5504K, reserved 1048576K
}
Event: 9.673 GC heap before
{Heap before GC invocations=8 (full 0):
 garbage-first heap   total 131072K, used 84021K [0x0000000080000000, 0x0000000100000000)
  region size 1024K, 65 young (66560K), 7 survivors (7168K)
 Metaspace       used 44478K, capacity 45528K, committed 45824K, reserved 1089536K
  class space    used 5703K, capacity 6079K, committed 6144K, reserved 1048576K
}
Event: 9.695 GC heap after
{Heap after GC invocations=9 (full 0):
 garbage-first heap   total 131072K, used 28165K [0x0000000080000000, 0x0000000100000000)
  region size 1024K, 7 young (7168K), 7 survivors (7168K)
 Metaspace       used 44478K, capacity 45528K, committed 45824K, reserved 1089536K
  class space    used 5703K, capacity 6079K, committed 6144K, reserved 1048576K
}
Event: 11.787 GC heap before
{Heap before GC invocations=9 (full 0):
 garbage-first heap   total 131072K, used 94725K [0x0000000080000000, 0x0000000100000000)
  region size 1024K, 66 young (67584K), 7 survivors (7168K)
 Metaspace       used 49937K, capacity 51130K, committed 51328K, reserved 1093632K
  class space    used 6342K, capacity 6736K, committed 6784K, reserved 1048576K
}
Event: 11.813 GC heap after
{Heap after GC invocations=10 (full 0):
 garbage-first heap   total 131072K, used 43701K [0x0000000080000000, 0x0000000100000000)
  region size 1024K, 9 young (9216K), 9 survivors (9216K)
 Metaspace       used 49937K, capacity 51130K, committed 51328K, reserved 1093632K
  class space    used 6342K, capacity 6736K, committed 6784K, reserved 1048576K
}

