# JRE version: OpenJDK Runtime Environment (11.0.8+10) (build 11.0.8+10-b944.6842174)
# Java VM: OpenJDK 64-Bit Server VM (11.0.8+10-b944.6842174, mixed mode, tiered, compressed oops, g1 gc, windows-amd64)
Heap:
 garbage-first heap   total 189440K, used 149450K [0x0000000080000000, 0x0000000100000000)
  region size 1024K, 72 young (73728K), 10 survivors (10240K)
 Metaspace       used 93293K, capacity 95575K, committed 95872K, reserved 1134592K
  class space    used 11807K, capacity 12611K, committed 12672K, reserved 1048576K
GC Heap History (20 events):
Event: 7.377 GC heap before
{Heap before GC invocations=14 (full 0):
 garbage-first heap   total 157696K, used 119926K [0x0000000080000000, 0x0000000100000000)
  region size 1024K, 65 young (66560K), 5 survivors (5120K)
 Metaspace       used 76396K, capacity 78140K, committed 78464K, reserved 1118208K
  class space    used 9938K, capacity 10544K, committed 10624K, reserved 1048576K
}
Event: 7.383 GC heap after
{Heap after GC invocations=15 (full 0):
 garbage-first heap   total 189440K, used 62020K [0x0000000080000000, 0x0000000100000000)
  region size 1024K, 8 young (8192K), 8 survivors (8192K)
 Metaspace       used 76396K, capacity 78140K, committed 78464K, reserved 1118208K
  class space    used 9938K, capacity 10544K, committed 10624K, reserved 1048576K
}
Event: 8.243 GC heap before
{Heap before GC invocations=15 (full 0):
 garbage-first heap   total 189440K, used 138820K [0x0000000080000000, 0x0000000100000000)
  region size 1024K, 84 young (86016K), 8 survivors (8192K)
 Metaspace       used 79538K, capacity 81492K, committed 81792K, reserved 1120256K
  class space    used 10358K, capacity 11042K, committed 11136K, reserved 1048576K
}
Event: 8.251 GC heap after
{Heap after GC invocations=16 (full 0):
 garbage-first heap   total 189440K, used 66591K [0x0000000080000000, 0x0000000100000000)
  region size 1024K, 9 young (9216K), 9 survivors (9216K)
 Metaspace       used 79538K, capacity 81492K, committed 81792K, reserved 1120256K
  class space    used 10358K, capacity 11042K, committed 11136K, reserved 1048576K
}
Event: 8.838 GC heap before
{Heap before GC invocations=16 (full 0):
 garbage-first heap   total 189440K, used 145439K [0x0000000080000000, 0x0000000100000000)
  region size 1024K, 84 young (86016K), 9 survivors (9216K)
 Metaspace       used 79902K, capacity 81888K, committed 82048K, reserved 1120256K
  class space    used 10359K, capacity 11042K, committed 11136K, reserved 1048576K
}
Event: 8.849 GC heap after
{Heap after GC invocations=17 (full 0):
 garbage-first heap   total 189440K, used 79344K [0x0000000080000000, 0x0000000100000000)
  region size 1024K, 11 young (11264K), 11 survivors (11264K)
 Metaspace       used 79902K, capacity 81888K, committed 82048K, reserved 1120256K
  class space    used 10359K, capacity 11042K, committed 11136K, reserved 1048576K
}
Event: 9.470 GC heap before
{Heap before GC invocations=17 (full 0):
 garbage-first heap   total 189440K, used 152048K [0x0000000080000000, 0x0000000100000000)
  region size 1024K, 75 young (76800K), 11 survivors (11264K)
 Metaspace       used 80871K, capacity 82802K, committed 82816K, reserved 1120256K
  class space    used 10452K, capacity 11135K, committed 11136K, reserved 1048576K
}
Event: 9.482 GC heap after
{Heap after GC invocations=18 (full 0):
 garbage-first heap   total 189440K, used 88927K [0x0000000080000000, 0x0000000100000000)
  region size 1024K, 9 young (9216K), 9 survivors (9216K)
 Metaspace       used 80871K, capacity 82802K, committed 82816K, reserved 1120256K
  class space    used 10452K, capacity 11135K, committed 11136K, reserved 1048576K
}
Event: 9.552 GC heap before
{Heap before GC invocations=18 (full 0):
 garbage-first heap   total 189440K, used 98143K [0x0000000080000000, 0x0000000100000000)
  region size 1024K, 16 young (16384K), 9 survivors (9216K)
 Metaspace       used 80895K, capacity 82904K, committed 83200K, reserved 1122304K
  class space    used 10455K, capacity 11169K, committed 11264K, reserved 1048576K
}
Event: 9.561 GC heap after
{Heap after GC invocations=19 (full 0):
 garbage-first heap   total 189440K, used 95150K [0x0000000080000000, 0x0000000100000000)
  region size 1024K, 5 young (5120K), 5 survivors (5120K)
 Metaspace       used 80895K, capacity 82904K, committed 83200K, reserved 1122304K
  class space    used 10455K, capacity 11169K, committed 11264K, reserved 1048576K
}
Event: 9.958 GC heap before
{Heap before GC invocations=20 (full 0):
 garbage-first heap   total 189440K, used 161710K [0x0000000080000000, 0x0000000100000000)
  region size 1024K, 59 young (60416K), 5 survivors (5120K)
 Metaspace       used 84168K, capacity 86082K, committed 86528K, reserved 1124352K
  class space    used 10679K, capacity 11384K, committed 11520K, reserved 1048576K
}
Event: 9.963 GC heap after
{Heap after GC invocations=21 (full 0):
 garbage-first heap   total 189440K, used 94619K [0x0000000080000000, 0x0000000100000000)
  region size 1024K, 6 young (6144K), 6 survivors (6144K)
 Metaspace       used 84168K, capacity 86082K, committed 86528K, reserved 1124352K
  class space    used 10679K, capacity 11384K, committed 11520K, reserved 1048576K
}
Event: 10.211 GC heap before
{Heap before GC invocations=21 (full 0):
 garbage-first heap   total 189440K, used 149915K [0x0000000080000000, 0x0000000100000000)
  region size 1024K, 61 young (62464K), 6 survivors (6144K)
 Metaspace       used 85675K, capacity 87667K, committed 87936K, reserved 1126400K
  class space    used 10810K, capacity 11498K, committed 11648K, reserved 1048576K
}
Event: 10.214 GC heap after
{Heap after GC invocations=22 (full 0):
 garbage-first heap   total 189440K, used 91490K [0x0000000080000000, 0x0000000100000000)
  region size 1024K, 2 young (2048K), 2 survivors (2048K)
 Metaspace       used 85675K, capacity 87667K, committed 87936K, reserved 1126400K
  class space    used 10810K, capacity 11498K, committed 11648K, reserved 1048576K
}
Event: 10.714 GC heap before
{Heap before GC invocations=23 (full 0):
 garbage-first heap   total 189440K, used 146786K [0x0000000080000000, 0x0000000100000000)
  region size 1024K, 62 young (63488K), 2 survivors (2048K)
 Metaspace       used 89284K, capacity 91299K, committed 91648K, reserved 1128448K
  class space    used 11249K, capacity 11960K, committed 12032K, reserved 1048576K
}
Event: 10.719 GC heap after
{Heap after GC invocations=24 (full 0):
 garbage-first heap   total 189440K, used 87984K [0x0000000080000000, 0x0000000100000000)
  region size 1024K, 3 young (3072K), 3 survivors (3072K)
 Metaspace       used 89284K, capacity 91299K, committed 91648K, reserved 1128448K
  class space    used 11249K, capacity 11960K, committed 12032K, reserved 1048576K
}
Event: 10.822 GC heap before
{Heap before GC invocations=24 (full 0):
 garbage-first heap   total 189440K, used 93104K [0x0000000080000000, 0x0000000100000000)
  region size 1024K, 9 young (9216K), 3 survivors (3072K)
 Metaspace       used 89589K, capacity 91520K, committed 91648K, reserved 1128448K
  class space    used 11280K, capacity 11964K, committed 12032K, reserved 1048576K
}
Event: 10.826 GC heap after
{Heap after GC invocations=25 (full 0):
 garbage-first heap   total 189440K, used 76783K [0x0000000080000000, 0x0000000100000000)
  region size 1024K, 1 young (1024K), 1 survivors (1024K)
 Metaspace       used 89589K, capacity 91520K, committed 91648K, reserved 1128448K
  class space    used 11280K, capacity 11964K, committed 12032K, reserved 1048576K
}
Event: 11.200 GC heap before
{Heap before GC invocations=25 (full 0):
 garbage-first heap   total 189440K, used 149487K [0x0000000080000000, 0x0000000100000000)
  region size 1024K, 73 young (74752K), 1 survivors (1024K)
 Metaspace       used 91466K, capacity 93590K, committed 93696K, reserved 1130496K
  class space    used 11530K, capacity 12279K, committed 12288K, reserved 1048576K
}
Event: 11.207 GC heap after
{Heap after GC invocations=26 (full 0):
 garbage-first heap   total 189440K, used 85962K [0x0000000080000000, 0x0000000100000000)
  region size 1024K, 10 young (10240K), 10 survivors (10240K)
 Metaspace       used 91466K, capacity 93590K, committed 93696K, reserved 1130496K
  class space    used 11530K, capacity 12279K, committed 12288K, reserved 1048576K
}

