# JRE version: OpenJDK Runtime Environment (11.0.8+10) (build 11.0.8+10-b944.6842174)
# Java VM: OpenJDK 64-Bit Server VM (11.0.8+10-b944.6842174, mixed mode, tiered, compressed oops, g1 gc, windows-amd64)
Heap:
 garbage-first heap   total 679936K, used 145157K [0x0000000080000000, 0x0000000100000000)
  region size 1024K, 14 young (14336K), 14 survivors (14336K)
 Metaspace       used 98662K, capacity 100899K, committed 101068K, reserved 1136640K
  class space    used 12598K, capacity 13416K, committed 13516K, reserved 1048576K
GC Heap History (20 events):
Event: 19.796 GC heap after
{Heap after GC invocations=31 (full 0):
 garbage-first heap   total 245760K, used 131451K [0x0000000080000000, 0x0000000100000000)
  region size 1024K, 3 young (3072K), 3 survivors (3072K)
 Metaspace       used 96398K, capacity 98679K, committed 99020K, reserved 1134592K
  class space    used 12464K, capacity 13316K, committed 13516K, reserved 1048576K
}
Event: 20.171 GC heap before
{Heap before GC invocations=31 (full 0):
 garbage-first heap   total 245760K, used 189819K [0x0000000080000000, 0x0000000100000000)
  region size 1024K, 61 young (62464K), 3 survivors (3072K)
 Metaspace       used 96306K, capacity 98464K, committed 99276K, reserved 1134592K
  class space    used 12390K, capacity 13183K, committed 13516K, reserved 1048576K
}
Event: 20.180 GC heap after
{Heap after GC invocations=32 (full 0):
 garbage-first heap   total 294912K, used 131505K [0x0000000080000000, 0x0000000100000000)
  region size 1024K, 3 young (3072K), 3 survivors (3072K)
 Metaspace       used 96306K, capacity 98464K, committed 99276K, reserved 1134592K
  class space    used 12390K, capacity 13183K, committed 13516K, reserved 1048576K
}
Event: 20.379 GC heap before
{Heap before GC invocations=33 (full 0):
 garbage-first heap   total 294912K, used 213425K [0x0000000080000000, 0x0000000100000000)
  region size 1024K, 84 young (86016K), 3 survivors (3072K)
 Metaspace       used 96461K, capacity 98657K, committed 99532K, reserved 1134592K
  class space    used 12399K, capacity 13183K, committed 13516K, reserved 1048576K
}
Event: 20.384 GC heap after
{Heap after GC invocations=34 (full 0):
 garbage-first heap   total 294912K, used 132204K [0x0000000080000000, 0x0000000100000000)
  region size 1024K, 4 young (4096K), 4 survivors (4096K)
 Metaspace       used 96461K, capacity 98657K, committed 99532K, reserved 1134592K
  class space    used 12399K, capacity 13183K, committed 13516K, reserved 1048576K
}
Event: 20.591 GC heap before
{Heap before GC invocations=34 (full 0):
 garbage-first heap   total 294912K, used 227436K [0x0000000080000000, 0x0000000100000000)
  region size 1024K, 97 young (99328K), 4 survivors (4096K)
 Metaspace       used 96579K, capacity 98727K, committed 99532K, reserved 1134592K
  class space    used 12399K, capacity 13183K, committed 13516K, reserved 1048576K
}
Event: 20.598 GC heap after
{Heap after GC invocations=35 (full 0):
 garbage-first heap   total 294912K, used 133667K [0x0000000080000000, 0x0000000100000000)
  region size 1024K, 5 young (5120K), 5 survivors (5120K)
 Metaspace       used 96579K, capacity 98727K, committed 99532K, reserved 1134592K
  class space    used 12399K, capacity 13183K, committed 13516K, reserved 1048576K
}
Event: 20.784 GC heap before
{Heap before GC invocations=35 (full 0):
 garbage-first heap   total 294912K, used 239139K [0x0000000080000000, 0x0000000100000000)
  region size 1024K, 108 young (110592K), 5 survivors (5120K)
 Metaspace       used 96828K, capacity 98990K, committed 99788K, reserved 1136640K
  class space    used 12399K, capacity 13183K, committed 13516K, reserved 1048576K
}
Event: 20.793 GC heap after
{Heap after GC invocations=36 (full 0):
 garbage-first heap   total 294912K, used 134439K [0x0000000080000000, 0x0000000100000000)
  region size 1024K, 6 young (6144K), 6 survivors (6144K)
 Metaspace       used 96828K, capacity 98990K, committed 99788K, reserved 1136640K
  class space    used 12399K, capacity 13183K, committed 13516K, reserved 1048576K
}
Event: 20.958 GC heap before
{Heap before GC invocations=36 (full 0):
 garbage-first heap   total 294912K, used 240935K [0x0000000080000000, 0x0000000100000000)
  region size 1024K, 110 young (112640K), 6 survivors (6144K)
 Metaspace       used 96943K, capacity 99060K, committed 99788K, reserved 1136640K
  class space    used 12399K, capacity 13183K, committed 13516K, reserved 1048576K
}
Event: 20.968 GC heap after
{Heap after GC invocations=37 (full 0):
 garbage-first heap   total 294912K, used 135987K [0x0000000080000000, 0x0000000100000000)
  region size 1024K, 7 young (7168K), 7 survivors (7168K)
 Metaspace       used 96943K, capacity 99060K, committed 99788K, reserved 1136640K
  class space    used 12399K, capacity 13183K, committed 13516K, reserved 1048576K
}
Event: 21.148 GC heap before
{Heap before GC invocations=37 (full 0):
 garbage-first heap   total 294912K, used 246579K [0x0000000080000000, 0x0000000100000000)
  region size 1024K, 115 young (117760K), 7 survivors (7168K)
 Metaspace       used 97265K, capacity 99420K, committed 100044K, reserved 1136640K
  class space    used 12437K, capacity 13237K, committed 13516K, reserved 1048576K
}
Event: 21.165 GC heap after
{Heap after GC invocations=38 (full 0):
 garbage-first heap   total 354304K, used 137978K [0x0000000080000000, 0x0000000100000000)
  region size 1024K, 9 young (9216K), 9 survivors (9216K)
 Metaspace       used 97265K, capacity 99420K, committed 100044K, reserved 1136640K
  class space    used 12437K, capacity 13237K, committed 13516K, reserved 1048576K
}
Event: 21.442 GC heap before
{Heap before GC invocations=38 (full 0):
 garbage-first heap   total 354304K, used 268026K [0x0000000080000000, 0x0000000100000000)
  region size 1024K, 136 young (139264K), 9 survivors (9216K)
 Metaspace       used 97996K, capacity 100256K, committed 100812K, reserved 1136640K
  class space    used 12523K, capacity 13342K, committed 13516K, reserved 1048576K
}
Event: 21.456 GC heap after
{Heap after GC invocations=39 (full 0):
 garbage-first heap   total 354304K, used 140288K [0x0000000080000000, 0x0000000100000000)
  region size 1024K, 11 young (11264K), 11 survivors (11264K)
 Metaspace       used 97996K, capacity 100256K, committed 100812K, reserved 1136640K
  class space    used 12523K, capacity 13342K, committed 13516K, reserved 1048576K
}
Event: 21.727 GC heap before
{Heap before GC invocations=39 (full 0):
 garbage-first heap   total 354304K, used 285696K [0x0000000080000000, 0x0000000100000000)
  region size 1024K, 153 young (156672K), 11 survivors (11264K)
 Metaspace       used 98363K, capacity 100588K, committed 100812K, reserved 1136640K
  class space    used 12571K, capacity 13386K, committed 13516K, reserved 1048576K
}
Event: 21.797 GC heap after
{Heap after GC invocations=40 (full 0):
 garbage-first heap   total 354304K, used 141429K [0x0000000080000000, 0x0000000100000000)
  region size 1024K, 12 young (12288K), 12 survivors (12288K)
 Metaspace       used 98363K, capacity 100588K, committed 100812K, reserved 1136640K
  class space    used 12571K, capacity 13386K, committed 13516K, reserved 1048576K
}
Event: 22.702 GC heap before
{Heap before GC invocations=40 (full 0):
 garbage-first heap   total 354304K, used 291957K [0x0000000080000000, 0x0000000100000000)
  region size 1024K, 159 young (162816K), 12 survivors (12288K)
 Metaspace       used 98497K, capacity 100741K, committed 101068K, reserved 1136640K
  class space    used 12597K, capacity 13415K, committed 13516K, reserved 1048576K
}
Event: 22.724 GC heap after
{Heap after GC invocations=41 (full 0):
 garbage-first heap   total 354304K, used 142352K [0x0000000080000000, 0x0000000100000000)
  region size 1024K, 12 young (12288K), 12 survivors (12288K)
 Metaspace       used 98497K, capacity 100741K, committed 101068K, reserved 1136640K
  class space    used 12597K, capacity 13415K, committed 13516K, reserved 1048576K
}
Event: 23.267 GC heap before
{Heap before GC invocations=41 (full 0):
 garbage-first heap   total 354304K, used 304144K [0x0000000080000000, 0x0000000100000000)
  region size 1024K, 170 young (174080K), 12 survivors (12288K)
 Metaspace       used 98662K, capacity 100899K, committed 101068K, reserved 1136640K
  class space    used 12598K, capacity 13416K, committed 13516K, reserved 1048576K
}

