# JRE version: OpenJDK Runtime Environment (11.0.8+10) (build 11.0.8+10-b944.6842174)
# Java VM: OpenJDK 64-Bit Server VM (11.0.8+10-b944.6842174, mixed mode, tiered, compressed oops, g1 gc, windows-amd64)
Heap:
 garbage-first heap   total 465920K, used 143210K [0x0000000080000000, 0x0000000100000000)
  region size 1024K, 15 young (15360K), 15 survivors (15360K)
 Metaspace       used 94835K, capacity 97393K, committed 98176K, reserved 1134592K
  class space    used 12367K, capacity 13334K, committed 13696K, reserved 1048576K
GC Heap History (20 events):
Event: 8.886 GC heap after
{Heap after GC invocations=24 (full 0):
 garbage-first heap   total 227328K, used 127462K [0x0000000080000000, 0x0000000100000000)
  region size 1024K, 4 young (4096K), 4 survivors (4096K)
 Metaspace       used 92714K, capacity 95495K, committed 95616K, reserved 1132544K
  class space    used 12358K, capacity 13421K, committed 13440K, reserved 1048576K
}
Event: 9.180 GC heap before
{Heap before GC invocations=25 (full 0):
 garbage-first heap   total 227328K, used 180710K [0x0000000080000000, 0x0000000100000000)
  region size 1024K, 56 young (57344K), 4 survivors (4096K)
 Metaspace       used 93090K, capacity 95538K, committed 96512K, reserved 1132544K
  class space    used 12309K, capacity 13270K, committed 13568K, reserved 1048576K
}
Event: 9.190 GC heap after
{Heap after GC invocations=26 (full 0):
 garbage-first heap   total 303104K, used 127800K [0x0000000080000000, 0x0000000100000000)
  region size 1024K, 5 young (5120K), 5 survivors (5120K)
 Metaspace       used 93090K, capacity 95538K, committed 96512K, reserved 1132544K
  class space    used 12309K, capacity 13270K, committed 13568K, reserved 1048576K
}
Event: 9.399 GC heap before
{Heap before GC invocations=26 (full 0):
 garbage-first heap   total 303104K, used 209720K [0x0000000080000000, 0x0000000100000000)
  region size 1024K, 85 young (87040K), 5 survivors (5120K)
 Metaspace       used 93282K, capacity 95676K, committed 96512K, reserved 1132544K
  class space    used 12329K, capacity 13274K, committed 13568K, reserved 1048576K
}
Event: 9.406 GC heap after
{Heap after GC invocations=27 (full 0):
 garbage-first heap   total 303104K, used 129611K [0x0000000080000000, 0x0000000100000000)
  region size 1024K, 6 young (6144K), 6 survivors (6144K)
 Metaspace       used 93282K, capacity 95676K, committed 96512K, reserved 1132544K
  class space    used 12329K, capacity 13274K, committed 13568K, reserved 1048576K
}
Event: 9.621 GC heap before
{Heap before GC invocations=27 (full 0):
 garbage-first heap   total 303104K, used 229963K [0x0000000080000000, 0x0000000100000000)
  region size 1024K, 105 young (107520K), 6 survivors (6144K)
 Metaspace       used 93545K, capacity 96011K, committed 97024K, reserved 1132544K
  class space    used 12333K, capacity 13278K, committed 13568K, reserved 1048576K
}
Event: 9.629 GC heap after
{Heap after GC invocations=28 (full 0):
 garbage-first heap   total 303104K, used 130537K [0x0000000080000000, 0x0000000100000000)
  region size 1024K, 7 young (7168K), 7 survivors (7168K)
 Metaspace       used 93545K, capacity 96011K, committed 97024K, reserved 1132544K
  class space    used 12333K, capacity 13278K, committed 13568K, reserved 1048576K
}
Event: 9.827 GC heap before
{Heap before GC invocations=28 (full 0):
 garbage-first heap   total 303104K, used 236009K [0x0000000080000000, 0x0000000100000000)
  region size 1024K, 110 young (112640K), 7 survivors (7168K)
 Metaspace       used 93569K, capacity 96076K, committed 97024K, reserved 1132544K
  class space    used 12333K, capacity 13278K, committed 13568K, reserved 1048576K
}
Event: 9.838 GC heap after
{Heap after GC invocations=29 (full 0):
 garbage-first heap   total 303104K, used 132586K [0x0000000080000000, 0x0000000100000000)
  region size 1024K, 9 young (9216K), 9 survivors (9216K)
 Metaspace       used 93569K, capacity 96076K, committed 97024K, reserved 1132544K
  class space    used 12333K, capacity 13278K, committed 13568K, reserved 1048576K
}
Event: 10.030 GC heap before
{Heap before GC invocations=29 (full 0):
 garbage-first heap   total 303104K, used 241130K [0x0000000080000000, 0x0000000100000000)
  region size 1024K, 115 young (117760K), 9 survivors (9216K)
 Metaspace       used 93616K, capacity 96145K, committed 97024K, reserved 1132544K
  class space    used 12345K, capacity 13280K, committed 13568K, reserved 1048576K
}
Event: 10.043 GC heap after
{Heap after GC invocations=30 (full 0):
 garbage-first heap   total 303104K, used 134237K [0x0000000080000000, 0x0000000100000000)
  region size 1024K, 8 young (8192K), 8 survivors (8192K)
 Metaspace       used 93616K, capacity 96145K, committed 97024K, reserved 1132544K
  class space    used 12345K, capacity 13280K, committed 13568K, reserved 1048576K
}
Event: 10.293 GC heap before
{Heap before GC invocations=30 (full 0):
 garbage-first heap   total 303104K, used 245853K [0x0000000080000000, 0x0000000100000000)
  region size 1024K, 118 young (120832K), 8 survivors (8192K)
 Metaspace       used 93782K, capacity 96366K, committed 97408K, reserved 1132544K
  class space    used 12359K, capacity 13331K, committed 13696K, reserved 1048576K
}
Event: 10.304 GC heap after
{Heap after GC invocations=31 (full 0):
 garbage-first heap   total 364544K, used 135926K [0x0000000080000000, 0x0000000100000000)
  region size 1024K, 10 young (10240K), 10 survivors (10240K)
 Metaspace       used 93782K, capacity 96366K, committed 97408K, reserved 1132544K
  class space    used 12359K, capacity 13331K, committed 13696K, reserved 1048576K
}
Event: 10.578 GC heap before
{Heap before GC invocations=31 (full 0):
 garbage-first heap   total 364544K, used 268022K [0x0000000080000000, 0x0000000100000000)
  region size 1024K, 139 young (142336K), 10 survivors (10240K)
 Metaspace       used 94047K, capacity 96640K, committed 97664K, reserved 1132544K
  class space    used 12360K, capacity 13333K, committed 13696K, reserved 1048576K
}
Event: 10.588 GC heap after
{Heap after GC invocations=32 (full 0):
 garbage-first heap   total 364544K, used 135290K [0x0000000080000000, 0x0000000100000000)
  region size 1024K, 9 young (9216K), 9 survivors (9216K)
 Metaspace       used 94047K, capacity 96640K, committed 97664K, reserved 1132544K
  class space    used 12360K, capacity 13333K, committed 13696K, reserved 1048576K
}
Event: 10.831 GC heap before
{Heap before GC invocations=32 (full 0):
 garbage-first heap   total 364544K, used 304250K [0x0000000080000000, 0x0000000100000000)
  region size 1024K, 174 young (178176K), 9 survivors (9216K)
 Metaspace       used 94386K, capacity 96904K, committed 97920K, reserved 1134592K
  class space    used 12364K, capacity 13333K, committed 13696K, reserved 1048576K
}
Event: 10.842 GC heap after
{Heap after GC invocations=33 (full 0):
 garbage-first heap   total 364544K, used 137971K [0x0000000080000000, 0x0000000100000000)
  region size 1024K, 12 young (12288K), 12 survivors (12288K)
 Metaspace       used 94386K, capacity 96904K, committed 97920K, reserved 1134592K
  class space    used 12364K, capacity 13333K, committed 13696K, reserved 1048576K
}
Event: 11.137 GC heap before
{Heap before GC invocations=33 (full 0):
 garbage-first heap   total 364544K, used 306931K [0x0000000080000000, 0x0000000100000000)
  region size 1024K, 177 young (181248K), 12 survivors (12288K)
 Metaspace       used 94660K, capacity 97244K, committed 98176K, reserved 1134592K
  class space    used 12365K, capacity 13334K, committed 13696K, reserved 1048576K
}
Event: 11.151 GC heap after
{Heap after GC invocations=34 (full 0):
 garbage-first heap   total 364544K, used 139648K [0x0000000080000000, 0x0000000100000000)
  region size 1024K, 14 young (14336K), 14 survivors (14336K)
 Metaspace       used 94660K, capacity 97244K, committed 98176K, reserved 1134592K
  class space    used 12365K, capacity 13334K, committed 13696K, reserved 1048576K
}
Event: 11.397 GC heap before
{Heap before GC invocations=34 (full 0):
 garbage-first heap   total 364544K, used 308608K [0x0000000080000000, 0x0000000100000000)
  region size 1024K, 179 young (183296K), 14 survivors (14336K)
 Metaspace       used 94835K, capacity 97393K, committed 98176K, reserved 1134592K
  class space    used 12367K, capacity 13334K, committed 13696K, reserved 1048576K
}

