# JRE version: OpenJDK Runtime Environment (11.0.8+10) (build 11.0.8+10-b944.6842174)
# Java VM: OpenJDK 64-Bit Server VM (11.0.8+10-b944.6842174, mixed mode, tiered, compressed oops, g1 gc, windows-amd64)
Heap:
 garbage-first heap   total 193536K, used 115325K [0x0000000080000000, 0x0000000100000000)
  region size 1024K, 33 young (33792K), 3 survivors (3072K)
 Metaspace       used 95484K, capacity 97712K, committed 97920K, reserved 1134592K
  class space    used 12079K, capacity 12871K, committed 12928K, reserved 1048576K
GC Heap History (20 events):
Event: 12.289 GC heap before
{Heap before GC invocations=13 (full 0):
 garbage-first heap   total 157696K, used 116394K [0x0000000080000000, 0x0000000100000000)
  region size 1024K, 67 young (68608K), 6 survivors (6144K)
 Metaspace       used 70843K, capacity 72444K, committed 72576K, reserved 1112064K
  class space    used 9193K, capacity 9770K, committed 9856K, reserved 1048576K
}
Event: 12.297 GC heap after
{Heap after GC invocations=14 (full 0):
 garbage-first heap   total 157696K, used 58421K [0x0000000080000000, 0x0000000100000000)
  region size 1024K, 5 young (5120K), 5 survivors (5120K)
 Metaspace       used 70843K, capacity 72444K, committed 72576K, reserved 1112064K
  class space    used 9193K, capacity 9770K, committed 9856K, reserved 1048576K
}
Event: 13.211 GC heap before
{Heap before GC invocations=14 (full 0):
 garbage-first heap   total 157696K, used 120885K [0x0000000080000000, 0x0000000100000000)
  region size 1024K, 66 young (67584K), 5 survivors (5120K)
 Metaspace       used 77302K, capacity 79036K, committed 79360K, reserved 1118208K
  class space    used 10045K, capacity 10665K, committed 10752K, reserved 1048576K
}
Event: 13.220 GC heap after
{Heap after GC invocations=15 (full 0):
 garbage-first heap   total 157696K, used 61311K [0x0000000080000000, 0x0000000100000000)
  region size 1024K, 8 young (8192K), 8 survivors (8192K)
 Metaspace       used 77302K, capacity 79036K, committed 79360K, reserved 1118208K
  class space    used 10045K, capacity 10665K, committed 10752K, reserved 1048576K
}
Event: 14.067 GC heap before
{Heap before GC invocations=15 (full 0):
 garbage-first heap   total 157696K, used 121727K [0x0000000080000000, 0x0000000100000000)
  region size 1024K, 68 young (69632K), 8 survivors (8192K)
 Metaspace       used 79417K, capacity 81416K, committed 81536K, reserved 1120256K
  class space    used 10363K, capacity 11103K, committed 11136K, reserved 1048576K
}
Event: 14.078 GC heap after
{Heap after GC invocations=16 (full 0):
 garbage-first heap   total 157696K, used 65678K [0x0000000080000000, 0x0000000100000000)
  region size 1024K, 8 young (8192K), 8 survivors (8192K)
 Metaspace       used 79417K, capacity 81416K, committed 81536K, reserved 1120256K
  class space    used 10363K, capacity 11103K, committed 11136K, reserved 1048576K
}
Event: 14.802 GC heap before
{Heap before GC invocations=16 (full 0):
 garbage-first heap   total 157696K, used 133262K [0x0000000080000000, 0x0000000100000000)
  region size 1024K, 64 young (65536K), 8 survivors (8192K)
 Metaspace       used 80872K, capacity 82850K, committed 82944K, reserved 1120256K
  class space    used 10501K, capacity 11215K, committed 11264K, reserved 1048576K
}
Event: 14.856 GC heap after
{Heap after GC invocations=17 (full 0):
 garbage-first heap   total 160768K, used 86831K [0x0000000080000000, 0x0000000100000000)
  region size 1024K, 9 young (9216K), 9 survivors (9216K)
 Metaspace       used 80872K, capacity 82850K, committed 82944K, reserved 1120256K
  class space    used 10501K, capacity 11215K, committed 11264K, reserved 1048576K
}
Event: 15.521 GC heap before
{Heap before GC invocations=18 (full 0):
 garbage-first heap   total 160768K, used 134959K [0x0000000080000000, 0x0000000100000000)
  region size 1024K, 49 young (50176K), 9 survivors (9216K)
 Metaspace       used 83374K, capacity 85368K, committed 85504K, reserved 1124352K
  class space    used 10708K, capacity 11440K, committed 11520K, reserved 1048576K
}
Event: 15.538 GC heap after
{Heap after GC invocations=19 (full 0):
 garbage-first heap   total 160768K, used 90567K [0x0000000080000000, 0x0000000100000000)
  region size 1024K, 4 young (4096K), 4 survivors (4096K)
 Metaspace       used 83374K, capacity 85368K, committed 85504K, reserved 1124352K
  class space    used 10708K, capacity 11440K, committed 11520K, reserved 1048576K
}
Event: 15.874 GC heap before
{Heap before GC invocations=19 (full 0):
 garbage-first heap   total 160768K, used 129479K [0x0000000080000000, 0x0000000100000000)
  region size 1024K, 43 young (44032K), 4 survivors (4096K)
 Metaspace       used 83688K, capacity 85674K, committed 85760K, reserved 1124352K
  class space    used 10717K, capacity 11447K, committed 11520K, reserved 1048576K
}
Event: 15.887 GC heap after
{Heap after GC invocations=20 (full 0):
 garbage-first heap   total 160768K, used 93184K [0x0000000080000000, 0x0000000100000000)
  region size 1024K, 6 young (6144K), 6 survivors (6144K)
 Metaspace       used 83688K, capacity 85674K, committed 85760K, reserved 1124352K
  class space    used 10717K, capacity 11447K, committed 11520K, reserved 1048576K
}
Event: 16.431 GC heap before
{Heap before GC invocations=21 (full 0):
 garbage-first heap   total 160768K, used 119808K [0x0000000080000000, 0x0000000100000000)
  region size 1024K, 44 young (45056K), 6 survivors (6144K)
 Metaspace       used 85776K, capacity 87819K, committed 88192K, reserved 1126400K
  class space    used 10842K, capacity 11527K, committed 11648K, reserved 1048576K
}
Event: 16.439 GC heap after
{Heap after GC invocations=22 (full 0):
 garbage-first heap   total 193536K, used 80952K [0x0000000080000000, 0x0000000100000000)
  region size 1024K, 2 young (2048K), 2 survivors (2048K)
 Metaspace       used 85776K, capacity 87819K, committed 88192K, reserved 1126400K
  class space    used 10842K, capacity 11527K, committed 11648K, reserved 1048576K
}
Event: 16.557 GC heap before
{Heap before GC invocations=22 (full 0):
 garbage-first heap   total 193536K, used 87096K [0x0000000080000000, 0x0000000100000000)
  region size 1024K, 9 young (9216K), 2 survivors (2048K)
 Metaspace       used 86022K, capacity 88006K, committed 88192K, reserved 1126400K
  class space    used 10862K, capacity 11561K, committed 11648K, reserved 1048576K
}
Event: 16.560 GC heap after
{Heap after GC invocations=23 (full 0):
 garbage-first heap   total 193536K, used 79332K [0x0000000080000000, 0x0000000100000000)
  region size 1024K, 1 young (1024K), 1 survivors (1024K)
 Metaspace       used 86022K, capacity 88006K, committed 88192K, reserved 1126400K
  class space    used 10862K, capacity 11561K, committed 11648K, reserved 1048576K
}
Event: 21.127 GC heap before
{Heap before GC invocations=23 (full 0):
 garbage-first heap   total 193536K, used 134628K [0x0000000080000000, 0x0000000100000000)
  region size 1024K, 56 young (57344K), 1 survivors (1024K)
 Metaspace       used 90262K, capacity 92352K, committed 92544K, reserved 1130496K
  class space    used 11386K, capacity 12069K, committed 12160K, reserved 1048576K
}
Event: 21.136 GC heap after
{Heap after GC invocations=24 (full 0):
 garbage-first heap   total 193536K, used 84622K [0x0000000080000000, 0x0000000100000000)
  region size 1024K, 6 young (6144K), 6 survivors (6144K)
 Metaspace       used 90262K, capacity 92352K, committed 92544K, reserved 1130496K
  class space    used 11386K, capacity 12069K, committed 12160K, reserved 1048576K
}
Event: 21.686 GC heap before
{Heap before GC invocations=24 (full 0):
 garbage-first heap   total 193536K, used 139918K [0x0000000080000000, 0x0000000100000000)
  region size 1024K, 61 young (62464K), 6 survivors (6144K)
 Metaspace       used 92582K, capacity 94639K, committed 94848K, reserved 1132544K
  class space    used 11643K, capacity 12362K, committed 12416K, reserved 1048576K
}
Event: 21.695 GC heap after
{Heap after GC invocations=25 (full 0):
 garbage-first heap   total 193536K, used 86653K [0x0000000080000000, 0x0000000100000000)
  region size 1024K, 3 young (3072K), 3 survivors (3072K)
 Metaspace       used 92582K, capacity 94639K, committed 94848K, reserved 1132544K
  class space    used 11643K, capacity 12362K, committed 12416K, reserved 1048576K
}

