# JRE version: OpenJDK Runtime Environment (11.0.8+10) (build 11.0.8+10-b944.6842174)
# Java VM: OpenJDK 64-Bit Server VM (11.0.8+10-b944.6842174, mixed mode, tiered, compressed oops, g1 gc, windows-amd64)
Heap:
 garbage-first heap   total 189440K, used 79475K [0x0000000080000000, 0x0000000100000000)
  region size 1024K, 18 young (18432K), 11 survivors (11264K)
 Metaspace       used 85228K, capacity 87339K, committed 87424K, reserved 1124352K
  class space    used 11108K, capacity 11839K, committed 11904K, reserved 1048576K
GC Heap History (20 events):
Event: 2.276 GC heap before
{Heap before GC invocations=4 (full 0):
 garbage-first heap   total 131072K, used 66889K [0x0000000080000000, 0x0000000100000000)
  region size 1024K, 51 young (52224K), 1 survivors (1024K)
 Metaspace       used 26364K, capacity 26937K, committed 27008K, reserved 1073152K
  class space    used 3457K, capacity 3698K, committed 3712K, reserved 1048576K
}
Event: 2.278 GC heap after
{Heap after GC invocations=5 (full 0):
 garbage-first heap   total 131072K, used 18365K [0x0000000080000000, 0x0000000100000000)
  region size 1024K, 3 young (3072K), 3 survivors (3072K)
 Metaspace       used 26364K, capacity 26937K, committed 27008K, reserved 1073152K
  class space    used 3457K, capacity 3698K, committed 3712K, reserved 1048576K
}
Event: 2.753 GC heap before
{Heap before GC invocations=5 (full 0):
 garbage-first heap   total 131072K, used 65469K [0x0000000080000000, 0x0000000100000000)
  region size 1024K, 50 young (51200K), 3 survivors (3072K)
 Metaspace       used 35110K, capacity 35773K, committed 35840K, reserved 1081344K
  class space    used 4568K, capacity 4856K, committed 4864K, reserved 1048576K
}
Event: 2.759 GC heap after
{Heap after GC invocations=6 (full 0):
 garbage-first heap   total 131072K, used 21617K [0x0000000080000000, 0x0000000100000000)
  region size 1024K, 6 young (6144K), 6 survivors (6144K)
 Metaspace       used 35110K, capacity 35773K, committed 35840K, reserved 1081344K
  class space    used 4568K, capacity 4856K, committed 4864K, reserved 1048576K
}
Event: 3.219 GC heap before
{Heap before GC invocations=7 (full 0):
 garbage-first heap   total 131072K, used 85105K [0x0000000080000000, 0x0000000100000000)
  region size 1024K, 65 young (66560K), 6 survivors (6144K)
 Metaspace       used 40785K, capacity 41662K, committed 41984K, reserved 1085440K
  class space    used 5213K, capacity 5533K, committed 5632K, reserved 1048576K
}
Event: 3.225 GC heap after
{Heap after GC invocations=8 (full 0):
 garbage-first heap   total 131072K, used 25643K [0x0000000080000000, 0x0000000100000000)
  region size 1024K, 8 young (8192K), 8 survivors (8192K)
 Metaspace       used 40785K, capacity 41662K, committed 41984K, reserved 1085440K
  class space    used 5213K, capacity 5533K, committed 5632K, reserved 1048576K
}
Event: 3.706 GC heap before
{Heap before GC invocations=8 (full 0):
 garbage-first heap   total 131072K, used 87083K [0x0000000080000000, 0x0000000100000000)
  region size 1024K, 68 young (69632K), 8 survivors (8192K)
 Metaspace       used 44407K, capacity 45448K, committed 45568K, reserved 1089536K
  class space    used 5701K, capacity 6074K, committed 6144K, reserved 1048576K
}
Event: 3.713 GC heap after
{Heap after GC invocations=9 (full 0):
 garbage-first heap   total 157696K, used 28886K [0x0000000080000000, 0x0000000100000000)
  region size 1024K, 8 young (8192K), 8 survivors (8192K)
 Metaspace       used 44407K, capacity 45448K, committed 45568K, reserved 1089536K
  class space    used 5701K, capacity 6074K, committed 6144K, reserved 1048576K
}
Event: 4.271 GC heap before
{Heap before GC invocations=9 (full 0):
 garbage-first heap   total 157696K, used 110806K [0x0000000080000000, 0x0000000100000000)
  region size 1024K, 82 young (83968K), 8 survivors (8192K)
 Metaspace       used 51513K, capacity 52784K, committed 52992K, reserved 1095680K
  class space    used 6576K, capacity 7055K, committed 7168K, reserved 1048576K
}
Event: 4.278 GC heap after
{Heap after GC invocations=10 (full 0):
 garbage-first heap   total 157696K, used 44717K [0x0000000080000000, 0x0000000100000000)
  region size 1024K, 11 young (11264K), 11 survivors (11264K)
 Metaspace       used 51513K, capacity 52784K, committed 52992K, reserved 1095680K
  class space    used 6576K, capacity 7055K, committed 7168K, reserved 1048576K
}
Event: 4.834 GC heap before
{Heap before GC invocations=10 (full 0):
 garbage-first heap   total 157696K, used 103085K [0x0000000080000000, 0x0000000100000000)
  region size 1024K, 69 young (70656K), 11 survivors (11264K)
 Metaspace       used 58668K, capacity 60067K, committed 60160K, reserved 1101824K
  class space    used 7448K, capacity 7971K, committed 8064K, reserved 1048576K
}
Event: 4.850 GC heap after
{Heap after GC invocations=11 (full 0):
 garbage-first heap   total 157696K, used 50640K [0x0000000080000000, 0x0000000100000000)
  region size 1024K, 6 young (6144K), 6 survivors (6144K)
 Metaspace       used 58668K, capacity 60067K, committed 60160K, reserved 1101824K
  class space    used 7448K, capacity 7971K, committed 8064K, reserved 1048576K
}
Event: 5.362 GC heap before
{Heap before GC invocations=12 (full 0):
 garbage-first heap   total 157696K, used 113104K [0x0000000080000000, 0x0000000100000000)
  region size 1024K, 67 young (68608K), 6 survivors (6144K)
 Metaspace       used 63110K, capacity 64580K, committed 64640K, reserved 1105920K
  class space    used 8007K, capacity 8554K, committed 8576K, reserved 1048576K
}
Event: 5.368 GC heap after
{Heap after GC invocations=13 (full 0):
 garbage-first heap   total 157696K, used 54961K [0x0000000080000000, 0x0000000100000000)
  region size 1024K, 6 young (6144K), 6 survivors (6144K)
 Metaspace       used 63110K, capacity 64580K, committed 64640K, reserved 1105920K
  class space    used 8007K, capacity 8554K, committed 8576K, reserved 1048576K
}
Event: 5.964 GC heap before
{Heap before GC invocations=13 (full 0):
 garbage-first heap   total 157696K, used 116401K [0x0000000080000000, 0x0000000100000000)
  region size 1024K, 66 young (67584K), 6 survivors (6144K)
 Metaspace       used 70679K, capacity 72268K, committed 72576K, reserved 1112064K
  class space    used 9168K, capacity 9760K, committed 9856K, reserved 1048576K
}
Event: 5.971 GC heap after
{Heap after GC invocations=14 (full 0):
 garbage-first heap   total 189440K, used 59078K [0x0000000080000000, 0x0000000100000000)
  region size 1024K, 5 young (5120K), 5 survivors (5120K)
 Metaspace       used 70679K, capacity 72268K, committed 72576K, reserved 1112064K
  class space    used 9168K, capacity 9760K, committed 9856K, reserved 1048576K
}
Event: 6.749 GC heap before
{Heap before GC invocations=14 (full 0):
 garbage-first heap   total 189440K, used 135878K [0x0000000080000000, 0x0000000100000000)
  region size 1024K, 80 young (81920K), 5 survivors (5120K)
 Metaspace       used 78297K, capacity 80059K, committed 80384K, reserved 1118208K
  class space    used 10214K, capacity 10892K, committed 11008K, reserved 1048576K
}
Event: 6.754 GC heap after
{Heap after GC invocations=15 (full 0):
 garbage-first heap   total 189440K, used 63339K [0x0000000080000000, 0x0000000100000000)
  region size 1024K, 9 young (9216K), 9 survivors (9216K)
 Metaspace       used 78297K, capacity 80059K, committed 80384K, reserved 1118208K
  class space    used 10214K, capacity 10892K, committed 11008K, reserved 1048576K
}
Event: 7.340 GC heap before
{Heap before GC invocations=15 (full 0):
 garbage-first heap   total 189440K, used 139115K [0x0000000080000000, 0x0000000100000000)
  region size 1024K, 84 young (86016K), 9 survivors (9216K)
 Metaspace       used 81219K, capacity 83138K, committed 83328K, reserved 1122304K
  class space    used 10597K, capacity 11291K, committed 11392K, reserved 1048576K
}
Event: 7.350 GC heap after
{Heap after GC invocations=16 (full 0):
 garbage-first heap   total 189440K, used 67506K [0x0000000080000000, 0x0000000100000000)
  region size 1024K, 9 young (9216K), 9 survivors (9216K)
 Metaspace       used 81219K, capacity 83138K, committed 83328K, reserved 1122304K
  class space    used 10597K, capacity 11291K, committed 11392K, reserved 1048576K
}

