# JRE version: OpenJDK Runtime Environment (11.0.8+10) (build 11.0.8+10-b944.6842174)
# Java VM: OpenJDK 64-Bit Server VM (11.0.8+10-b944.6842174, mixed mode, tiered, compressed oops, g1 gc, windows-amd64)
Heap:
 garbage-first heap   total 227328K, used 92189K [0x0000000080000000, 0x0000000100000000)
  region size 1024K, 7 young (7168K), 7 survivors (7168K)
 Metaspace       used 86493K, capacity 88753K, committed 89088K, reserved 1126400K
  class space    used 11276K, capacity 12023K, committed 12108K, reserved 1048576K
GC Heap History (20 events):
Event: 3.909 GC heap after
{Heap after GC invocations=11 (full 0):
 garbage-first heap   total 157696K, used 51262K [0x0000000080000000, 0x0000000100000000)
  region size 1024K, 3 young (3072K), 3 survivors (3072K)
 Metaspace       used 44885K, capacity 46121K, committed 46156K, reserved 1089536K
  class space    used 5782K, capacity 6196K, committed 6220K, reserved 1048576K
}
Event: 4.311 GC heap before
{Heap before GC invocations=11 (full 0):
 garbage-first heap   total 157696K, used 96318K [0x0000000080000000, 0x0000000100000000)
  region size 1024K, 48 young (49152K), 3 survivors (3072K)
 Metaspace       used 47090K, capacity 48546K, committed 48844K, reserved 1091584K
  class space    used 6048K, capacity 6484K, committed 6604K, reserved 1048576K
}
Event: 4.314 GC heap after
{Heap after GC invocations=12 (full 0):
 garbage-first heap   total 157696K, used 53389K [0x0000000080000000, 0x0000000100000000)
  region size 1024K, 5 young (5120K), 5 survivors (5120K)
 Metaspace       used 47090K, capacity 48546K, committed 48844K, reserved 1091584K
  class space    used 6048K, capacity 6484K, committed 6604K, reserved 1048576K
}
Event: 4.728 GC heap before
{Heap before GC invocations=12 (full 0):
 garbage-first heap   total 157696K, used 107661K [0x0000000080000000, 0x0000000100000000)
  region size 1024K, 52 young (53248K), 5 survivors (5120K)
 Metaspace       used 52416K, capacity 53976K, committed 54092K, reserved 1095680K
  class space    used 6684K, capacity 7166K, committed 7244K, reserved 1048576K
}
Event: 4.733 GC heap after
{Heap after GC invocations=13 (full 0):
 garbage-first heap   total 157696K, used 68209K [0x0000000080000000, 0x0000000100000000)
  region size 1024K, 7 young (7168K), 7 survivors (7168K)
 Metaspace       used 52416K, capacity 53976K, committed 54092K, reserved 1095680K
  class space    used 6684K, capacity 7166K, committed 7244K, reserved 1048576K
}
Event: 5.144 GC heap before
{Heap before GC invocations=13 (full 0):
 garbage-first heap   total 157696K, used 112241K [0x0000000080000000, 0x0000000100000000)
  region size 1024K, 50 young (51200K), 7 survivors (7168K)
 Metaspace       used 58154K, capacity 59732K, committed 59980K, reserved 1101824K
  class space    used 7433K, capacity 7971K, committed 8012K, reserved 1048576K
}
Event: 5.149 GC heap after
{Heap after GC invocations=14 (full 0):
 garbage-first heap   total 157696K, used 71609K [0x0000000080000000, 0x0000000100000000)
  region size 1024K, 4 young (4096K), 4 survivors (4096K)
 Metaspace       used 58154K, capacity 59732K, committed 59980K, reserved 1101824K
  class space    used 7433K, capacity 7971K, committed 8012K, reserved 1048576K
}
Event: 5.188 GC heap before
{Heap before GC invocations=14 (full 0):
 garbage-first heap   total 157696K, used 74681K [0x0000000080000000, 0x0000000100000000)
  region size 1024K, 8 young (8192K), 4 survivors (4096K)
 Metaspace       used 58499K, capacity 60134K, committed 60288K, reserved 1101824K
  class space    used 7481K, capacity 8038K, committed 8140K, reserved 1048576K
}
Event: 5.192 GC heap after
{Heap after GC invocations=15 (full 0):
 garbage-first heap   total 157696K, used 71748K [0x0000000080000000, 0x0000000100000000)
  region size 1024K, 4 young (4096K), 4 survivors (4096K)
 Metaspace       used 58499K, capacity 60134K, committed 60288K, reserved 1101824K
  class space    used 7481K, capacity 8038K, committed 8140K, reserved 1048576K
}
Event: 5.652 GC heap before
{Heap before GC invocations=16 (full 0):
 garbage-first heap   total 157696K, used 117828K [0x0000000080000000, 0x0000000100000000)
  region size 1024K, 48 young (49152K), 4 survivors (4096K)
 Metaspace       used 63085K, capacity 64694K, committed 64896K, reserved 1105920K
  class space    used 8021K, capacity 8568K, committed 8652K, reserved 1048576K
}
Event: 5.658 GC heap after
{Heap after GC invocations=17 (full 0):
 garbage-first heap   total 157696K, used 74175K [0x0000000080000000, 0x0000000100000000)
  region size 1024K, 3 young (3072K), 3 survivors (3072K)
 Metaspace       used 63085K, capacity 64694K, committed 64896K, reserved 1105920K
  class space    used 8021K, capacity 8568K, committed 8652K, reserved 1048576K
}
Event: 5.977 GC heap before
{Heap before GC invocations=18 (full 0):
 garbage-first heap   total 157696K, used 120255K [0x0000000080000000, 0x0000000100000000)
  region size 1024K, 48 young (49152K), 3 survivors (3072K)
 Metaspace       used 66045K, capacity 67802K, committed 67968K, reserved 1107968K
  class space    used 8450K, capacity 9027K, committed 9164K, reserved 1048576K
}
Event: 5.983 GC heap after
{Heap after GC invocations=19 (full 0):
 garbage-first heap   total 189440K, used 77883K [0x0000000080000000, 0x0000000100000000)
  region size 1024K, 6 young (6144K), 6 survivors (6144K)
 Metaspace       used 66045K, capacity 67802K, committed 67968K, reserved 1107968K
  class space    used 8450K, capacity 9027K, committed 9164K, reserved 1048576K
}
Event: 6.533 GC heap before
{Heap before GC invocations=19 (full 0):
 garbage-first heap   total 189440K, used 135227K [0x0000000080000000, 0x0000000100000000)
  region size 1024K, 62 young (63488K), 6 survivors (6144K)
 Metaspace       used 72951K, capacity 74865K, committed 75008K, reserved 1114112K
  class space    used 9447K, capacity 10030K, committed 10060K, reserved 1048576K
}
Event: 6.541 GC heap after
{Heap after GC invocations=20 (full 0):
 garbage-first heap   total 189440K, used 81650K [0x0000000080000000, 0x0000000100000000)
  region size 1024K, 8 young (8192K), 8 survivors (8192K)
 Metaspace       used 72951K, capacity 74865K, committed 75008K, reserved 1114112K
  class space    used 9447K, capacity 10030K, committed 10060K, reserved 1048576K
}
Event: 7.055 GC heap before
{Heap before GC invocations=20 (full 0):
 garbage-first heap   total 189440K, used 138994K [0x0000000080000000, 0x0000000100000000)
  region size 1024K, 64 young (65536K), 8 survivors (8192K)
 Metaspace       used 77392K, capacity 79306K, committed 79488K, reserved 1118208K
  class space    used 9991K, capacity 10615K, committed 10700K, reserved 1048576K
}
Event: 7.063 GC heap after
{Heap after GC invocations=21 (full 0):
 garbage-first heap   total 189440K, used 85781K [0x0000000080000000, 0x0000000100000000)
  region size 1024K, 8 young (8192K), 8 survivors (8192K)
 Metaspace       used 77392K, capacity 79306K, committed 79488K, reserved 1118208K
  class space    used 9991K, capacity 10615K, committed 10700K, reserved 1048576K
}
Event: 7.554 GC heap before
{Heap before GC invocations=21 (full 0):
 garbage-first heap   total 189440K, used 143125K [0x0000000080000000, 0x0000000100000000)
  region size 1024K, 64 young (65536K), 8 survivors (8192K)
 Metaspace       used 81246K, capacity 83456K, committed 83840K, reserved 1122304K
  class space    used 10612K, capacity 11334K, committed 11468K, reserved 1048576K
}
Event: 7.562 GC heap after
{Heap after GC invocations=22 (full 0):
 garbage-first heap   total 189440K, used 89060K [0x0000000080000000, 0x0000000100000000)
  region size 1024K, 8 young (8192K), 8 survivors (8192K)
 Metaspace       used 81246K, capacity 83456K, committed 83840K, reserved 1122304K
  class space    used 10612K, capacity 11334K, committed 11468K, reserved 1048576K
}
Event: 8.058 GC heap before
{Heap before GC invocations=22 (full 0):
 garbage-first heap   total 189440K, used 146404K [0x0000000080000000, 0x0000000100000000)
  region size 1024K, 64 young (65536K), 8 survivors (8192K)
 Metaspace       used 86493K, capacity 88753K, committed 89088K, reserved 1126400K
  class space    used 11276K, capacity 12023K, committed 12108K, reserved 1048576K
}

