# JRE version: OpenJDK Runtime Environment (11.0.8+10) (build 11.0.8+10-b944.6842174)
# Java VM: OpenJDK 64-Bit Server VM (11.0.8+10-b944.6842174, mixed mode, tiered, compressed oops, g1 gc, windows-amd64)
Heap:
 garbage-first heap   total 227328K, used 89526K [0x0000000080000000, 0x0000000100000000)
  region size 1024K, 8 young (8192K), 8 survivors (8192K)
 Metaspace       used 82539K, capacity 84698K, committed 84992K, reserved 1122304K
  class space    used 10505K, capacity 11224K, committed 11340K, reserved 1048576K
GC Heap History (20 events):
Event: 3.357 GC heap after
{Heap after GC invocations=10 (full 0):
 garbage-first heap   total 157696K, used 36139K [0x0000000080000000, 0x0000000100000000)
  region size 1024K, 3 young (3072K), 3 survivors (3072K)
 Metaspace       used 39325K, capacity 40274K, committed 40524K, reserved 1085440K
  class space    used 5066K, capacity 5430K, committed 5452K, reserved 1048576K
}
Event: 4.004 GC heap before
{Heap before GC invocations=10 (full 0):
 garbage-first heap   total 157696K, used 92459K [0x0000000080000000, 0x0000000100000000)
  region size 1024K, 52 young (53248K), 3 survivors (3072K)
 Metaspace       used 44171K, capacity 45340K, committed 45516K, reserved 1089536K
  class space    used 5530K, capacity 5958K, committed 6092K, reserved 1048576K
}
Event: 4.009 GC heap after
{Heap after GC invocations=11 (full 0):
 garbage-first heap   total 157696K, used 48003K [0x0000000080000000, 0x0000000100000000)
  region size 1024K, 7 young (7168K), 7 survivors (7168K)
 Metaspace       used 44171K, capacity 45340K, committed 45516K, reserved 1089536K
  class space    used 5530K, capacity 5958K, committed 6092K, reserved 1048576K
}
Event: 4.450 GC heap before
{Heap before GC invocations=11 (full 0):
 garbage-first heap   total 157696K, used 97155K [0x0000000080000000, 0x0000000100000000)
  region size 1024K, 55 young (56320K), 7 survivors (7168K)
 Metaspace       used 48240K, capacity 49465K, committed 49612K, reserved 1091584K
  class space    used 6057K, capacity 6516K, committed 6604K, reserved 1048576K
}
Event: 4.458 GC heap after
{Heap after GC invocations=12 (full 0):
 garbage-first heap   total 157696K, used 51781K [0x0000000080000000, 0x0000000100000000)
  region size 1024K, 4 young (4096K), 4 survivors (4096K)
 Metaspace       used 48240K, capacity 49465K, committed 49612K, reserved 1091584K
  class space    used 6057K, capacity 6516K, committed 6604K, reserved 1048576K
}
Event: 4.882 GC heap before
{Heap before GC invocations=12 (full 0):
 garbage-first heap   total 157696K, used 100933K [0x0000000080000000, 0x0000000100000000)
  region size 1024K, 53 young (54272K), 4 survivors (4096K)
 Metaspace       used 50612K, capacity 52023K, committed 52172K, reserved 1095680K
  class space    used 6363K, capacity 6832K, committed 6860K, reserved 1048576K
}
Event: 4.886 GC heap after
{Heap after GC invocations=13 (full 0):
 garbage-first heap   total 157696K, used 54213K [0x0000000080000000, 0x0000000100000000)
  region size 1024K, 7 young (7168K), 7 survivors (7168K)
 Metaspace       used 50612K, capacity 52023K, committed 52172K, reserved 1095680K
  class space    used 6363K, capacity 6832K, committed 6860K, reserved 1048576K
}
Event: 5.355 GC heap before
{Heap before GC invocations=13 (full 0):
 garbage-first heap   total 157696K, used 111557K [0x0000000080000000, 0x0000000100000000)
  region size 1024K, 57 young (58368K), 7 survivors (7168K)
 Metaspace       used 54791K, capacity 56345K, committed 56524K, reserved 1097728K
  class space    used 6845K, capacity 7331K, committed 7372K, reserved 1048576K
}
Event: 5.362 GC heap after
{Heap after GC invocations=14 (full 0):
 garbage-first heap   total 157696K, used 68326K [0x0000000080000000, 0x0000000100000000)
  region size 1024K, 8 young (8192K), 8 survivors (8192K)
 Metaspace       used 54791K, capacity 56345K, committed 56524K, reserved 1097728K
  class space    used 6845K, capacity 7331K, committed 7372K, reserved 1048576K
}
Event: 5.681 GC heap before
{Heap before GC invocations=14 (full 0):
 garbage-first heap   total 157696K, used 95974K [0x0000000080000000, 0x0000000100000000)
  region size 1024K, 36 young (36864K), 8 survivors (8192K)
 Metaspace       used 58546K, capacity 60206K, committed 60288K, reserved 1101824K
  class space    used 7318K, capacity 7870K, committed 7884K, reserved 1048576K
}
Event: 5.687 GC heap after
{Heap after GC invocations=15 (full 0):
 garbage-first heap   total 157696K, used 71055K [0x0000000080000000, 0x0000000100000000)
  region size 1024K, 2 young (2048K), 2 survivors (2048K)
 Metaspace       used 58546K, capacity 60206K, committed 60288K, reserved 1101824K
  class space    used 7318K, capacity 7870K, committed 7884K, reserved 1048576K
}
Event: 6.082 GC heap before
{Heap before GC invocations=16 (full 0):
 garbage-first heap   total 157696K, used 112015K [0x0000000080000000, 0x0000000100000000)
  region size 1024K, 42 young (43008K), 2 survivors (2048K)
 Metaspace       used 63188K, capacity 64848K, committed 65024K, reserved 1105920K
  class space    used 7944K, capacity 8493K, committed 8524K, reserved 1048576K
}
Event: 6.088 GC heap after
{Heap after GC invocations=17 (full 0):
 garbage-first heap   total 189440K, used 73945K [0x0000000080000000, 0x0000000100000000)
  region size 1024K, 5 young (5120K), 5 survivors (5120K)
 Metaspace       used 63188K, capacity 64848K, committed 65024K, reserved 1105920K
  class space    used 7944K, capacity 8493K, committed 8524K, reserved 1048576K
}
Event: 6.572 GC heap before
{Heap before GC invocations=17 (full 0):
 garbage-first heap   total 189440K, used 127193K [0x0000000080000000, 0x0000000100000000)
  region size 1024K, 57 young (58368K), 5 survivors (5120K)
 Metaspace       used 67366K, capacity 69216K, committed 69376K, reserved 1110016K
  class space    used 8430K, capacity 9024K, committed 9036K, reserved 1048576K
}
Event: 6.578 GC heap after
{Heap after GC invocations=18 (full 0):
 garbage-first heap   total 189440K, used 77650K [0x0000000080000000, 0x0000000100000000)
  region size 1024K, 7 young (7168K), 7 survivors (7168K)
 Metaspace       used 67366K, capacity 69216K, committed 69376K, reserved 1110016K
  class space    used 8430K, capacity 9024K, committed 9036K, reserved 1048576K
}
Event: 7.058 GC heap before
{Heap before GC invocations=18 (full 0):
 garbage-first heap   total 189440K, used 132946K [0x0000000080000000, 0x0000000100000000)
  region size 1024K, 61 young (62464K), 7 survivors (7168K)
 Metaspace       used 72667K, capacity 74612K, committed 74880K, reserved 1114112K
  class space    used 9259K, capacity 9883K, committed 9932K, reserved 1048576K
}
Event: 7.066 GC heap after
{Heap after GC invocations=19 (full 0):
 garbage-first heap   total 189440K, used 81642K [0x0000000080000000, 0x0000000100000000)
  region size 1024K, 8 young (8192K), 8 survivors (8192K)
 Metaspace       used 72667K, capacity 74612K, committed 74880K, reserved 1114112K
  class space    used 9259K, capacity 9883K, committed 9932K, reserved 1048576K
}
Event: 7.751 GC heap before
{Heap before GC invocations=19 (full 0):
 garbage-first heap   total 189440K, used 136938K [0x0000000080000000, 0x0000000100000000)
  region size 1024K, 62 young (63488K), 8 survivors (8192K)
 Metaspace       used 79482K, capacity 81514K, committed 81664K, reserved 1120256K
  class space    used 10090K, capacity 10742K, committed 10828K, reserved 1048576K
}
Event: 7.758 GC heap after
{Heap after GC invocations=20 (full 0):
 garbage-first heap   total 189440K, used 85138K [0x0000000080000000, 0x0000000100000000)
  region size 1024K, 8 young (8192K), 8 survivors (8192K)
 Metaspace       used 79482K, capacity 81514K, committed 81664K, reserved 1120256K
  class space    used 10090K, capacity 10742K, committed 10828K, reserved 1048576K
}
Event: 8.475 GC heap before
{Heap before GC invocations=20 (full 0):
 garbage-first heap   total 189440K, used 140434K [0x0000000080000000, 0x0000000100000000)
  region size 1024K, 63 young (64512K), 8 survivors (8192K)
 Metaspace       used 82539K, capacity 84698K, committed 84992K, reserved 1122304K
  class space    used 10505K, capacity 11224K, committed 11340K, reserved 1048576K
}

