# JRE version: OpenJDK Runtime Environment (11.0.8+10) (build 11.0.8+10-b944.6842174)
# Java VM: OpenJDK 64-Bit Server VM (11.0.8+10-b944.6842174, mixed mode, tiered, compressed oops, g1 gc, windows-amd64)
Heap:
 garbage-first heap   total 189440K, used 135970K [0x0000000080000000, 0x0000000100000000)
  region size 1024K, 66 young (67584K), 5 survivors (5120K)
 Metaspace       used 87876K, capacity 90033K, committed 90112K, reserved 1132544K
  class space    used 11244K, capacity 11993K, committed 12032K, reserved 1048576K
GC Heap History (20 events):
Event: 2.878 GC heap before
{Heap before GC invocations=5 (full 0):
 garbage-first heap   total 131072K, used 65194K [0x0000000080000000, 0x0000000100000000)
  region size 1024K, 50 young (51200K), 3 survivors (3072K)
 Metaspace       used 35119K, capacity 35773K, committed 35840K, reserved 1081344K
  class space    used 4569K, capacity 4856K, committed 4864K, reserved 1048576K
}
Event: 2.883 GC heap after
{Heap after GC invocations=6 (full 0):
 garbage-first heap   total 131072K, used 21321K [0x0000000080000000, 0x0000000100000000)
  region size 1024K, 6 young (6144K), 6 survivors (6144K)
 Metaspace       used 35119K, capacity 35773K, committed 35840K, reserved 1081344K
  class space    used 4569K, capacity 4856K, committed 4864K, reserved 1048576K
}
Event: 3.355 GC heap before
{Heap before GC invocations=7 (full 0):
 garbage-first heap   total 131072K, used 83785K [0x0000000080000000, 0x0000000100000000)
  region size 1024K, 64 young (65536K), 6 survivors (6144K)
 Metaspace       used 40746K, capacity 41566K, committed 41600K, reserved 1085440K
  class space    used 5208K, capacity 5501K, committed 5504K, reserved 1048576K
}
Event: 3.361 GC heap after
{Heap after GC invocations=8 (full 0):
 garbage-first heap   total 131072K, used 25213K [0x0000000080000000, 0x0000000100000000)
  region size 1024K, 8 young (8192K), 8 survivors (8192K)
 Metaspace       used 40746K, capacity 41566K, committed 41600K, reserved 1085440K
  class space    used 5208K, capacity 5501K, committed 5504K, reserved 1048576K
}
Event: 3.869 GC heap before
{Heap before GC invocations=8 (full 0):
 garbage-first heap   total 131072K, used 84605K [0x0000000080000000, 0x0000000100000000)
  region size 1024K, 66 young (67584K), 8 survivors (8192K)
 Metaspace       used 44388K, capacity 45383K, committed 45568K, reserved 1089536K
  class space    used 5701K, capacity 6074K, committed 6144K, reserved 1048576K
}
Event: 3.876 GC heap after
{Heap after GC invocations=9 (full 0):
 garbage-first heap   total 157696K, used 28635K [0x0000000080000000, 0x0000000100000000)
  region size 1024K, 8 young (8192K), 8 survivors (8192K)
 Metaspace       used 44388K, capacity 45383K, committed 45568K, reserved 1089536K
  class space    used 5701K, capacity 6074K, committed 6144K, reserved 1048576K
}
Event: 4.496 GC heap before
{Heap before GC invocations=9 (full 0):
 garbage-first heap   total 157696K, used 109531K [0x0000000080000000, 0x0000000100000000)
  region size 1024K, 81 young (82944K), 8 survivors (8192K)
 Metaspace       used 51457K, capacity 52735K, committed 52864K, reserved 1095680K
  class space    used 6568K, capacity 7017K, committed 7040K, reserved 1048576K
}
Event: 4.503 GC heap after
{Heap after GC invocations=10 (full 0):
 garbage-first heap   total 157696K, used 44032K [0x0000000080000000, 0x0000000100000000)
  region size 1024K, 11 young (11264K), 11 survivors (11264K)
 Metaspace       used 51457K, capacity 52735K, committed 52864K, reserved 1095680K
  class space    used 6568K, capacity 7017K, committed 7040K, reserved 1048576K
}
Event: 5.119 GC heap before
{Heap before GC invocations=10 (full 0):
 garbage-first heap   total 157696K, used 103424K [0x0000000080000000, 0x0000000100000000)
  region size 1024K, 69 young (70656K), 11 survivors (11264K)
 Metaspace       used 58661K, capacity 60067K, committed 60160K, reserved 1101824K
  class space    used 7448K, capacity 7971K, committed 8064K, reserved 1048576K
}
Event: 5.136 GC heap after
{Heap after GC invocations=11 (full 0):
 garbage-first heap   total 157696K, used 50334K [0x0000000080000000, 0x0000000100000000)
  region size 1024K, 6 young (6144K), 6 survivors (6144K)
 Metaspace       used 58661K, capacity 60067K, committed 60160K, reserved 1101824K
  class space    used 7448K, capacity 7971K, committed 8064K, reserved 1048576K
}
Event: 5.633 GC heap before
{Heap before GC invocations=12 (full 0):
 garbage-first heap   total 157696K, used 112798K [0x0000000080000000, 0x0000000100000000)
  region size 1024K, 67 young (68608K), 6 survivors (6144K)
 Metaspace       used 63213K, capacity 64676K, committed 65024K, reserved 1105920K
  class space    used 8022K, capacity 8586K, committed 8704K, reserved 1048576K
}
Event: 5.640 GC heap after
{Heap after GC invocations=13 (full 0):
 garbage-first heap   total 157696K, used 54406K [0x0000000080000000, 0x0000000100000000)
  region size 1024K, 6 young (6144K), 6 survivors (6144K)
 Metaspace       used 63213K, capacity 64676K, committed 65024K, reserved 1105920K
  class space    used 8022K, capacity 8586K, committed 8704K, reserved 1048576K
}
Event: 6.306 GC heap before
{Heap before GC invocations=13 (full 0):
 garbage-first heap   total 157696K, used 115846K [0x0000000080000000, 0x0000000100000000)
  region size 1024K, 66 young (67584K), 6 survivors (6144K)
 Metaspace       used 70020K, capacity 71645K, committed 71680K, reserved 1112064K
  class space    used 9128K, capacity 9728K, committed 9728K, reserved 1048576K
}
Event: 6.314 GC heap after
{Heap after GC invocations=14 (full 0):
 garbage-first heap   total 189440K, used 58067K [0x0000000080000000, 0x0000000100000000)
  region size 1024K, 4 young (4096K), 4 survivors (4096K)
 Metaspace       used 70020K, capacity 71645K, committed 71680K, reserved 1112064K
  class space    used 9128K, capacity 9728K, committed 9728K, reserved 1048576K
}
Event: 7.140 GC heap before
{Heap before GC invocations=14 (full 0):
 garbage-first heap   total 189440K, used 135891K [0x0000000080000000, 0x0000000100000000)
  region size 1024K, 80 young (81920K), 4 survivors (4096K)
 Metaspace       used 79210K, capacity 81107K, committed 81408K, reserved 1120256K
  class space    used 10300K, capacity 10954K, committed 11008K, reserved 1048576K
}
Event: 7.148 GC heap after
{Heap after GC invocations=15 (full 0):
 garbage-first heap   total 189440K, used 62360K [0x0000000080000000, 0x0000000100000000)
  region size 1024K, 8 young (8192K), 8 survivors (8192K)
 Metaspace       used 79210K, capacity 81107K, committed 81408K, reserved 1120256K
  class space    used 10300K, capacity 10954K, committed 11008K, reserved 1048576K
}
Event: 31.799 GC heap before
{Heap before GC invocations=15 (full 0):
 garbage-first heap   total 189440K, used 139160K [0x0000000080000000, 0x0000000100000000)
  region size 1024K, 84 young (86016K), 8 survivors (8192K)
 Metaspace       used 82316K, capacity 84318K, committed 84480K, reserved 1122304K
  class space    used 10539K, capacity 11255K, committed 11264K, reserved 1048576K
}
Event: 31.809 GC heap after
{Heap after GC invocations=16 (full 0):
 garbage-first heap   total 189440K, used 68968K [0x0000000080000000, 0x0000000100000000)
  region size 1024K, 11 young (11264K), 11 survivors (11264K)
 Metaspace       used 82316K, capacity 84318K, committed 84480K, reserved 1122304K
  class space    used 10539K, capacity 11255K, committed 11264K, reserved 1048576K
}
Event: 32.471 GC heap before
{Heap before GC invocations=16 (full 0):
 garbage-first heap   total 189440K, used 142696K [0x0000000080000000, 0x0000000100000000)
  region size 1024K, 84 young (86016K), 11 survivors (11264K)
 Metaspace       used 86379K, capacity 88396K, committed 88576K, reserved 1126400K
  class space    used 11034K, capacity 11775K, committed 11776K, reserved 1048576K
}
Event: 32.483 GC heap after
{Heap after GC invocations=17 (full 0):
 garbage-first heap   total 189440K, used 73506K [0x0000000080000000, 0x0000000100000000)
  region size 1024K, 5 young (5120K), 5 survivors (5120K)
 Metaspace       used 86379K, capacity 88396K, committed 88576K, reserved 1126400K
  class space    used 11034K, capacity 11775K, committed 11776K, reserved 1048576K
}

