# JRE version: OpenJDK Runtime Environment (11.0.8+10) (build 11.0.8+10-b944.6842174)
# Java VM: OpenJDK 64-Bit Server VM (11.0.8+10-b944.6842174, mixed mode, tiered, compressed oops, g1 gc, windows-amd64)
Heap:
 garbage-first heap   total 157696K, used 49374K [0x0000000080000000, 0x0000000100000000)
  region size 1024K, 6 young (6144K), 6 survivors (6144K)
 Metaspace       used 58535K, capacity 60016K, committed 60160K, reserved 1101824K
  class space    used 7445K, capacity 7976K, committed 8064K, reserved 1048576K
GC Heap History (19 events):
Event: 1.153 GC heap before
{Heap before GC invocations=0 (full 0):
 garbage-first heap   total 131072K, used 29696K [0x0000000080000000, 0x0000000100000000)
  region size 1024K, 24 young (24576K), 0 survivors (0K)
 Metaspace       used 10459K, capacity 10677K, committed 11008K, reserved 1058816K
  class space    used 1097K, capacity 1195K, committed 1280K, reserved 1048576K
}
Event: 1.158 GC heap after
{Heap after GC invocations=1 (full 0):
 garbage-first heap   total 131072K, used 8761K [0x0000000080000000, 0x0000000100000000)
  region size 1024K, 3 young (3072K), 3 survivors (3072K)
 Metaspace       used 10459K, capacity 10677K, committed 11008K, reserved 1058816K
  class space    used 1097K, capacity 1195K, committed 1280K, reserved 1048576K
}
Event: 3.562 GC heap before
{Heap before GC invocations=1 (full 0):
 garbage-first heap   total 131072K, used 82489K [0x0000000080000000, 0x0000000100000000)
  region size 1024K, 76 young (77824K), 3 survivors (3072K)
 Metaspace       used 18906K, capacity 19410K, committed 19712K, reserved 1067008K
  class space    used 2285K, capacity 2458K, committed 2560K, reserved 1048576K
}
Event: 3.569 GC heap after
{Heap after GC invocations=2 (full 0):
 garbage-first heap   total 131072K, used 15521K [0x0000000080000000, 0x0000000100000000)
  region size 1024K, 10 young (10240K), 10 survivors (10240K)
 Metaspace       used 18906K, capacity 19410K, committed 19712K, reserved 1067008K
  class space    used 2285K, capacity 2458K, committed 2560K, reserved 1048576K
}
Event: 3.798 GC heap before
{Heap before GC invocations=2 (full 0):
 garbage-first heap   total 131072K, used 28833K [0x0000000080000000, 0x0000000100000000)
  region size 1024K, 24 young (24576K), 10 survivors (10240K)
 Metaspace       used 20666K, capacity 21115K, committed 21248K, reserved 1067008K
  class space    used 2538K, capacity 2712K, committed 2816K, reserved 1048576K
}
Event: 3.813 GC heap after
{Heap after GC invocations=3 (full 0):
 garbage-first heap   total 131072K, used 16145K [0x0000000080000000, 0x0000000100000000)
  region size 1024K, 1 young (1024K), 1 survivors (1024K)
 Metaspace       used 20666K, capacity 21115K, committed 21248K, reserved 1067008K
  class space    used 2538K, capacity 2712K, committed 2816K, reserved 1048576K
}
Event: 4.458 GC heap before
{Heap before GC invocations=4 (full 0):
 garbage-first heap   total 131072K, used 69393K [0x0000000080000000, 0x0000000100000000)
  region size 1024K, 53 young (54272K), 1 survivors (1024K)
 Metaspace       used 26559K, capacity 27224K, committed 27264K, reserved 1073152K
  class space    used 3487K, capacity 3710K, committed 3712K, reserved 1048576K
}
Event: 4.462 GC heap after
{Heap after GC invocations=5 (full 0):
 garbage-first heap   total 131072K, used 17956K [0x0000000080000000, 0x0000000100000000)
  region size 1024K, 3 young (3072K), 3 survivors (3072K)
 Metaspace       used 26559K, capacity 27224K, committed 27264K, reserved 1073152K
  class space    used 3487K, capacity 3710K, committed 3712K, reserved 1048576K
}
Event: 5.254 GC heap before
{Heap before GC invocations=5 (full 0):
 garbage-first heap   total 131072K, used 63012K [0x0000000080000000, 0x0000000100000000)
  region size 1024K, 48 young (49152K), 3 survivors (3072K)
 Metaspace       used 35063K, capacity 35769K, committed 35840K, reserved 1081344K
  class space    used 4565K, capacity 4856K, committed 4864K, reserved 1048576K
}
Event: 5.265 GC heap after
{Heap after GC invocations=6 (full 0):
 garbage-first heap   total 131072K, used 21112K [0x0000000080000000, 0x0000000100000000)
  region size 1024K, 6 young (6144K), 6 survivors (6144K)
 Metaspace       used 35063K, capacity 35769K, committed 35840K, reserved 1081344K
  class space    used 4565K, capacity 4856K, committed 4864K, reserved 1048576K
}
Event: 6.131 GC heap before
{Heap before GC invocations=7 (full 0):
 garbage-first heap   total 131072K, used 84600K [0x0000000080000000, 0x0000000100000000)
  region size 1024K, 65 young (66560K), 6 survivors (6144K)
 Metaspace       used 40817K, capacity 41726K, committed 41984K, reserved 1085440K
  class space    used 5213K, capacity 5533K, committed 5632K, reserved 1048576K
}
Event: 6.140 GC heap after
{Heap after GC invocations=8 (full 0):
 garbage-first heap   total 131072K, used 24744K [0x0000000080000000, 0x0000000100000000)
  region size 1024K, 7 young (7168K), 7 survivors (7168K)
 Metaspace       used 40817K, capacity 41726K, committed 41984K, reserved 1085440K
  class space    used 5213K, capacity 5533K, committed 5632K, reserved 1048576K
}
Event: 6.875 GC heap before
{Heap before GC invocations=8 (full 0):
 garbage-first heap   total 131072K, used 87208K [0x0000000080000000, 0x0000000100000000)
  region size 1024K, 68 young (69632K), 7 survivors (7168K)
 Metaspace       used 44437K, capacity 45464K, committed 45568K, reserved 1089536K
  class space    used 5704K, capacity 6080K, committed 6144K, reserved 1048576K
}
Event: 6.884 GC heap after
{Heap after GC invocations=9 (full 0):
 garbage-first heap   total 131072K, used 28364K [0x0000000080000000, 0x0000000100000000)
  region size 1024K, 8 young (8192K), 8 survivors (8192K)
 Metaspace       used 44437K, capacity 45464K, committed 45568K, reserved 1089536K
  class space    used 5704K, capacity 6080K, committed 6144K, reserved 1048576K
}
Event: 7.634 GC heap before
{Heap before GC invocations=9 (full 0):
 garbage-first heap   total 131072K, used 96972K [0x0000000080000000, 0x0000000100000000)
  region size 1024K, 69 young (70656K), 8 survivors (8192K)
 Metaspace       used 50105K, capacity 51368K, committed 51712K, reserved 1093632K
  class space    used 6377K, capacity 6797K, committed 6912K, reserved 1048576K
}
Event: 7.648 GC heap after
{Heap after GC invocations=10 (full 0):
 garbage-first heap   total 131072K, used 43490K [0x0000000080000000, 0x0000000100000000)
  region size 1024K, 9 young (9216K), 9 survivors (9216K)
 Metaspace       used 50105K, capacity 51368K, committed 51712K, reserved 1093632K
  class space    used 6377K, capacity 6797K, committed 6912K, reserved 1048576K
}
Event: 8.469 GC heap before
{Heap before GC invocations=10 (full 0):
 garbage-first heap   total 131072K, used 94690K [0x0000000080000000, 0x0000000100000000)
  region size 1024K, 60 young (61440K), 9 survivors (9216K)
 Metaspace       used 56869K, capacity 58344K, committed 58496K, reserved 1099776K
  class space    used 7258K, capacity 7768K, committed 7808K, reserved 1048576K
}
Event: 8.479 GC heap after
{Heap after GC invocations=11 (full 0):
 garbage-first heap   total 131072K, used 48062K [0x0000000080000000, 0x0000000100000000)
  region size 1024K, 4 young (4096K), 4 survivors (4096K)
 Metaspace       used 56869K, capacity 58344K, committed 58496K, reserved 1099776K
  class space    used 7258K, capacity 7768K, committed 7808K, reserved 1048576K
}
Event: 8.705 GC heap before
{Heap before GC invocations=11 (full 0):
 garbage-first heap   total 131072K, used 64446K [0x0000000080000000, 0x0000000100000000)
  region size 1024K, 21 young (21504K), 4 survivors (4096K)
 Metaspace       used 58535K, capacity 60016K, committed 60160K, reserved 1101824K
  class space    used 7445K, capacity 7976K, committed 8064K, reserved 1048576K
}

