# JRE version: OpenJDK Runtime Environment (11.0.8+10) (build 11.0.8+10-b944.6842174)
# Java VM: OpenJDK 64-Bit Server VM (11.0.8+10-b944.6842174, mixed mode, tiered, compressed oops, g1 gc, windows-amd64)
Heap:
 garbage-first heap   total 189440K, used 108567K [0x0000000080000000, 0x0000000100000000)
  region size 1024K, 41 young (41984K), 11 survivors (11264K)
 Metaspace       used 84279K, capacity 86329K, committed 86528K, reserved 1128448K
  class space    used 11015K, capacity 11773K, committed 11776K, reserved 1048576K
GC Heap History (20 events):
Event: 2.781 GC heap before
{Heap before GC invocations=5 (full 0):
 garbage-first heap   total 131072K, used 65642K [0x0000000080000000, 0x0000000100000000)
  region size 1024K, 50 young (51200K), 3 survivors (3072K)
 Metaspace       used 35126K, capacity 35773K, committed 35840K, reserved 1081344K
  class space    used 4571K, capacity 4856K, committed 4864K, reserved 1048576K
}
Event: 2.788 GC heap after
{Heap after GC invocations=6 (full 0):
 garbage-first heap   total 131072K, used 21789K [0x0000000080000000, 0x0000000100000000)
  region size 1024K, 6 young (6144K), 6 survivors (6144K)
 Metaspace       used 35126K, capacity 35773K, committed 35840K, reserved 1081344K
  class space    used 4571K, capacity 4856K, committed 4864K, reserved 1048576K
}
Event: 3.254 GC heap before
{Heap before GC invocations=7 (full 0):
 garbage-first heap   total 131072K, used 83229K [0x0000000080000000, 0x0000000100000000)
  region size 1024K, 63 young (64512K), 6 survivors (6144K)
 Metaspace       used 40714K, capacity 41502K, committed 41600K, reserved 1085440K
  class space    used 5202K, capacity 5501K, committed 5504K, reserved 1048576K
}
Event: 3.260 GC heap after
{Heap after GC invocations=8 (full 0):
 garbage-first heap   total 131072K, used 25591K [0x0000000080000000, 0x0000000100000000)
  region size 1024K, 7 young (7168K), 7 survivors (7168K)
 Metaspace       used 40714K, capacity 41502K, committed 41600K, reserved 1085440K
  class space    used 5202K, capacity 5501K, committed 5504K, reserved 1048576K
}
Event: 3.682 GC heap before
{Heap before GC invocations=8 (full 0):
 garbage-first heap   total 131072K, used 86007K [0x0000000080000000, 0x0000000100000000)
  region size 1024K, 66 young (67584K), 7 survivors (7168K)
 Metaspace       used 44407K, capacity 45463K, committed 45568K, reserved 1089536K
  class space    used 5705K, capacity 6081K, committed 6144K, reserved 1048576K
}
Event: 3.689 GC heap after
{Heap after GC invocations=9 (full 0):
 garbage-first heap   total 157696K, used 29112K [0x0000000080000000, 0x0000000100000000)
  region size 1024K, 8 young (8192K), 8 survivors (8192K)
 Metaspace       used 44407K, capacity 45463K, committed 45568K, reserved 1089536K
  class space    used 5705K, capacity 6081K, committed 6144K, reserved 1048576K
}
Event: 4.239 GC heap before
{Heap before GC invocations=9 (full 0):
 garbage-first heap   total 157696K, used 106936K [0x0000000080000000, 0x0000000100000000)
  region size 1024K, 78 young (79872K), 8 survivors (8192K)
 Metaspace       used 51229K, capacity 52423K, committed 52608K, reserved 1095680K
  class space    used 6544K, capacity 6958K, committed 7040K, reserved 1048576K
}
Event: 4.246 GC heap after
{Heap after GC invocations=10 (full 0):
 garbage-first heap   total 157696K, used 45346K [0x0000000080000000, 0x0000000100000000)
  region size 1024K, 10 young (10240K), 10 survivors (10240K)
 Metaspace       used 51229K, capacity 52423K, committed 52608K, reserved 1095680K
  class space    used 6544K, capacity 6958K, committed 7040K, reserved 1048576K
}
Event: 4.843 GC heap before
{Heap before GC invocations=10 (full 0):
 garbage-first heap   total 157696K, used 105762K [0x0000000080000000, 0x0000000100000000)
  region size 1024K, 70 young (71680K), 10 survivors (10240K)
 Metaspace       used 58656K, capacity 60020K, committed 60160K, reserved 1101824K
  class space    used 7452K, capacity 7978K, committed 8064K, reserved 1048576K
}
Event: 4.857 GC heap after
{Heap after GC invocations=11 (full 0):
 garbage-first heap   total 157696K, used 50736K [0x0000000080000000, 0x0000000100000000)
  region size 1024K, 6 young (6144K), 6 survivors (6144K)
 Metaspace       used 58656K, capacity 60020K, committed 60160K, reserved 1101824K
  class space    used 7452K, capacity 7978K, committed 8064K, reserved 1048576K
}
Event: 5.343 GC heap before
{Heap before GC invocations=12 (full 0):
 garbage-first heap   total 157696K, used 113200K [0x0000000080000000, 0x0000000100000000)
  region size 1024K, 67 young (68608K), 6 survivors (6144K)
 Metaspace       used 63302K, capacity 64758K, committed 65024K, reserved 1105920K
  class space    used 8045K, capacity 8593K, committed 8704K, reserved 1048576K
}
Event: 5.350 GC heap after
{Heap after GC invocations=13 (full 0):
 garbage-first heap   total 157696K, used 54761K [0x0000000080000000, 0x0000000100000000)
  region size 1024K, 5 young (5120K), 5 survivors (5120K)
 Metaspace       used 63302K, capacity 64758K, committed 65024K, reserved 1105920K
  class space    used 8045K, capacity 8593K, committed 8704K, reserved 1048576K
}
Event: 5.942 GC heap before
{Heap before GC invocations=13 (full 0):
 garbage-first heap   total 157696K, used 116201K [0x0000000080000000, 0x0000000100000000)
  region size 1024K, 65 young (66560K), 5 survivors (5120K)
 Metaspace       used 70155K, capacity 71759K, committed 72064K, reserved 1112064K
  class space    used 9165K, capacity 9767K, committed 9856K, reserved 1048576K
}
Event: 5.949 GC heap after
{Heap after GC invocations=14 (full 0):
 garbage-first heap   total 189440K, used 58500K [0x0000000080000000, 0x0000000100000000)
  region size 1024K, 4 young (4096K), 4 survivors (4096K)
 Metaspace       used 70155K, capacity 71759K, committed 72064K, reserved 1112064K
  class space    used 9165K, capacity 9767K, committed 9856K, reserved 1048576K
}
Event: 6.700 GC heap before
{Heap before GC invocations=14 (full 0):
 garbage-first heap   total 189440K, used 132228K [0x0000000080000000, 0x0000000100000000)
  region size 1024K, 76 young (77824K), 4 survivors (4096K)
 Metaspace       used 77815K, capacity 79701K, committed 79744K, reserved 1118208K
  class space    used 10186K, capacity 10838K, committed 10880K, reserved 1048576K
}
Event: 6.707 GC heap after
{Heap after GC invocations=15 (full 0):
 garbage-first heap   total 189440K, used 63160K [0x0000000080000000, 0x0000000100000000)
  region size 1024K, 9 young (9216K), 9 survivors (9216K)
 Metaspace       used 77815K, capacity 79701K, committed 79744K, reserved 1118208K
  class space    used 10186K, capacity 10838K, committed 10880K, reserved 1048576K
}
Event: 7.251 GC heap before
{Heap before GC invocations=15 (full 0):
 garbage-first heap   total 189440K, used 135864K [0x0000000080000000, 0x0000000100000000)
  region size 1024K, 81 young (82944K), 9 survivors (9216K)
 Metaspace       used 80518K, capacity 82432K, committed 82688K, reserved 1120256K
  class space    used 10524K, capacity 11226K, committed 11264K, reserved 1048576K
}
Event: 7.260 GC heap after
{Heap after GC invocations=16 (full 0):
 garbage-first heap   total 189440K, used 67382K [0x0000000080000000, 0x0000000100000000)
  region size 1024K, 10 young (10240K), 10 survivors (10240K)
 Metaspace       used 80518K, capacity 82432K, committed 82688K, reserved 1120256K
  class space    used 10524K, capacity 11226K, committed 11264K, reserved 1048576K
}
Event: 7.722 GC heap before
{Heap before GC invocations=16 (full 0):
 garbage-first heap   total 189440K, used 140086K [0x0000000080000000, 0x0000000100000000)
  region size 1024K, 82 young (83968K), 10 survivors (10240K)
 Metaspace       used 83636K, capacity 85703K, committed 85888K, reserved 1124352K
  class space    used 10909K, capacity 11647K, committed 11648K, reserved 1048576K
}
Event: 7.733 GC heap after
{Heap after GC invocations=17 (full 0):
 garbage-first heap   total 189440K, used 77848K [0x0000000080000000, 0x0000000100000000)
  region size 1024K, 11 young (11264K), 11 survivors (11264K)
 Metaspace       used 83636K, capacity 85703K, committed 85888K, reserved 1124352K
  class space    used 10909K, capacity 11647K, committed 11648K, reserved 1048576K
}

