# JRE version: OpenJDK Runtime Environment (11.0.8+10) (build 11.0.8+10-b944.6842174)
# Java VM: OpenJDK 64-Bit Server VM (11.0.8+10-b944.6842174, mixed mode, tiered, compressed oops, g1 gc, windows-amd64)
Heap:
 garbage-first heap   total 405504K, used 139812K [0x0000000080000000, 0x0000000100000000)
  region size 1024K, 9 young (9216K), 9 survivors (9216K)
 Metaspace       used 94191K, capacity 96554K, committed 97024K, reserved 1132544K
  class space    used 12256K, capacity 13152K, committed 13312K, reserved 1048576K
GC Heap History (20 events):
Event: 8.410 GC heap after
{Heap after GC invocations=20 (full 0):
 garbage-first heap   total 227328K, used 115497K [0x0000000080000000, 0x0000000100000000)
  region size 1024K, 10 young (10240K), 10 survivors (10240K)
 Metaspace       used 90085K, capacity 92535K, committed 92800K, reserved 1128448K
  class space    used 11925K, capacity 12842K, committed 12928K, reserved 1048576K
}
Event: 8.575 GC heap before
{Heap before GC invocations=20 (full 0):
 garbage-first heap   total 227328K, used 175913K [0x0000000080000000, 0x0000000100000000)
  region size 1024K, 69 young (70656K), 10 survivors (10240K)
 Metaspace       used 91546K, capacity 94128K, committed 94336K, reserved 1130496K
  class space    used 12140K, capacity 13118K, committed 13184K, reserved 1048576K
}
Event: 8.604 GC heap after
{Heap after GC invocations=21 (full 0):
 garbage-first heap   total 227328K, used 125817K [0x0000000080000000, 0x0000000100000000)
  region size 1024K, 9 young (9216K), 9 survivors (9216K)
 Metaspace       used 91546K, capacity 94128K, committed 94336K, reserved 1130496K
  class space    used 12140K, capacity 13118K, committed 13184K, reserved 1048576K
}
Event: 8.823 GC heap before
{Heap before GC invocations=21 (full 0):
 garbage-first heap   total 227328K, used 180089K [0x0000000080000000, 0x0000000100000000)
  region size 1024K, 62 young (63488K), 9 survivors (9216K)
 Metaspace       used 91807K, capacity 93965K, committed 94848K, reserved 1130496K
  class space    used 12028K, capacity 12851K, committed 13184K, reserved 1048576K
}
Event: 8.834 GC heap after
{Heap after GC invocations=22 (full 0):
 garbage-first heap   total 227328K, used 129228K [0x0000000080000000, 0x0000000100000000)
  region size 1024K, 5 young (5120K), 5 survivors (5120K)
 Metaspace       used 91807K, capacity 93965K, committed 94848K, reserved 1130496K
  class space    used 12028K, capacity 12851K, committed 13184K, reserved 1048576K
}
Event: 8.985 GC heap before
{Heap before GC invocations=23 (full 0):
 garbage-first heap   total 227328K, used 183500K [0x0000000080000000, 0x0000000100000000)
  region size 1024K, 58 young (59392K), 5 survivors (5120K)
 Metaspace       used 91997K, capacity 94193K, committed 95104K, reserved 1130496K
  class space    used 12036K, capacity 12884K, committed 13184K, reserved 1048576K
}
Event: 8.993 GC heap after
{Heap after GC invocations=24 (full 0):
 garbage-first heap   total 302080K, used 130001K [0x0000000080000000, 0x0000000100000000)
  region size 1024K, 5 young (5120K), 5 survivors (5120K)
 Metaspace       used 91997K, capacity 94193K, committed 95104K, reserved 1130496K
  class space    used 12036K, capacity 12884K, committed 13184K, reserved 1048576K
}
Event: 9.240 GC heap before
{Heap before GC invocations=24 (full 0):
 garbage-first heap   total 302080K, used 217041K [0x0000000080000000, 0x0000000100000000)
  region size 1024K, 90 young (92160K), 5 survivors (5120K)
 Metaspace       used 93107K, capacity 95415K, committed 96256K, reserved 1132544K
  class space    used 12195K, capacity 13060K, committed 13312K, reserved 1048576K
}
Event: 9.246 GC heap after
{Heap after GC invocations=25 (full 0):
 garbage-first heap   total 302080K, used 131658K [0x0000000080000000, 0x0000000100000000)
  region size 1024K, 7 young (7168K), 7 survivors (7168K)
 Metaspace       used 93107K, capacity 95415K, committed 96256K, reserved 1132544K
  class space    used 12195K, capacity 13060K, committed 13312K, reserved 1048576K
}
Event: 9.464 GC heap before
{Heap before GC invocations=25 (full 0):
 garbage-first heap   total 302080K, used 224842K [0x0000000080000000, 0x0000000100000000)
  region size 1024K, 98 young (100352K), 7 survivors (7168K)
 Metaspace       used 93311K, capacity 95634K, committed 96256K, reserved 1132544K
  class space    used 12238K, capacity 13112K, committed 13312K, reserved 1048576K
}
Event: 9.470 GC heap after
{Heap after GC invocations=26 (full 0):
 garbage-first heap   total 302080K, used 131768K [0x0000000080000000, 0x0000000100000000)
  region size 1024K, 7 young (7168K), 7 survivors (7168K)
 Metaspace       used 93311K, capacity 95634K, committed 96256K, reserved 1132544K
  class space    used 12238K, capacity 13112K, committed 13312K, reserved 1048576K
}
Event: 9.721 GC heap before
{Heap before GC invocations=26 (full 0):
 garbage-first heap   total 302080K, used 236216K [0x0000000080000000, 0x0000000100000000)
  region size 1024K, 110 young (112640K), 7 survivors (7168K)
 Metaspace       used 93484K, capacity 95780K, committed 96256K, reserved 1132544K
  class space    used 12251K, capacity 13116K, committed 13312K, reserved 1048576K
}
Event: 9.731 GC heap after
{Heap after GC invocations=27 (full 0):
 garbage-first heap   total 302080K, used 137368K [0x0000000080000000, 0x0000000100000000)
  region size 1024K, 13 young (13312K), 13 survivors (13312K)
 Metaspace       used 93484K, capacity 95780K, committed 96256K, reserved 1132544K
  class space    used 12251K, capacity 13116K, committed 13312K, reserved 1048576K
}
Event: 9.886 GC heap before
{Heap before GC invocations=27 (full 0):
 garbage-first heap   total 302080K, used 243864K [0x0000000080000000, 0x0000000100000000)
  region size 1024K, 117 young (119808K), 13 survivors (13312K)
 Metaspace       used 93594K, capacity 95890K, committed 96512K, reserved 1132544K
  class space    used 12256K, capacity 13152K, committed 13312K, reserved 1048576K
}
Event: 9.897 GC heap after
{Heap after GC invocations=28 (full 0):
 garbage-first heap   total 302080K, used 136607K [0x0000000080000000, 0x0000000100000000)
  region size 1024K, 8 young (8192K), 8 survivors (8192K)
 Metaspace       used 93594K, capacity 95890K, committed 96512K, reserved 1132544K
  class space    used 12256K, capacity 13152K, committed 13312K, reserved 1048576K
}
Event: 10.057 GC heap before
{Heap before GC invocations=28 (full 0):
 garbage-first heap   total 302080K, used 249247K [0x0000000080000000, 0x0000000100000000)
  region size 1024K, 118 young (120832K), 8 survivors (8192K)
 Metaspace       used 93794K, capacity 96154K, committed 96768K, reserved 1132544K
  class space    used 12256K, capacity 13152K, committed 13312K, reserved 1048576K
}
Event: 10.066 GC heap after
{Heap after GC invocations=29 (full 0):
 garbage-first heap   total 302080K, used 137771K [0x0000000080000000, 0x0000000100000000)
  region size 1024K, 9 young (9216K), 9 survivors (9216K)
 Metaspace       used 93794K, capacity 96154K, committed 96768K, reserved 1132544K
  class space    used 12256K, capacity 13152K, committed 13312K, reserved 1048576K
}
Event: 10.259 GC heap before
{Heap before GC invocations=29 (full 0):
 garbage-first heap   total 302080K, used 251435K [0x0000000080000000, 0x0000000100000000)
  region size 1024K, 121 young (123904K), 9 survivors (9216K)
 Metaspace       used 94111K, capacity 96484K, committed 97024K, reserved 1132544K
  class space    used 12256K, capacity 13152K, committed 13312K, reserved 1048576K
}
Event: 10.270 GC heap after
{Heap after GC invocations=30 (full 0):
 garbage-first heap   total 302080K, used 139425K [0x0000000080000000, 0x0000000100000000)
  region size 1024K, 10 young (10240K), 10 survivors (10240K)
 Metaspace       used 94111K, capacity 96484K, committed 97024K, reserved 1132544K
  class space    used 12256K, capacity 13152K, committed 13312K, reserved 1048576K
}
Event: 10.438 GC heap before
{Heap before GC invocations=30 (full 0):
 garbage-first heap   total 302080K, used 254113K [0x0000000080000000, 0x0000000100000000)
  region size 1024K, 122 young (124928K), 10 survivors (10240K)
 Metaspace       used 94191K, capacity 96554K, committed 97024K, reserved 1132544K
  class space    used 12256K, capacity 13152K, committed 13312K, reserved 1048576K
}

