# JRE version: OpenJDK Runtime Environment (11.0.8+10) (build 11.0.8+10-b944.6842174)
# Java VM: OpenJDK 64-Bit Server VM (11.0.8+10-b944.6842174, mixed mode, tiered, compressed oops, g1 gc, windows-amd64)
Heap:
 garbage-first heap   total 579584K, used 141021K [0x0000000080000000, 0x0000000100000000)
  region size 1024K, 3 young (3072K), 3 survivors (3072K)
 Metaspace       used 100279K, capacity 102873K, committed 103168K, reserved 1138688K
  class space    used 12854K, capacity 13726K, committed 13824K, reserved 1048576K
GC Heap History (20 events):
Event: 44.988 GC heap after
{Heap after GC invocations=37 (full 0):
 garbage-first heap   total 157696K, used 114003K [0x0000000080000000, 0x0000000100000000)
  region size 1024K, 3 young (3072K), 3 survivors (3072K)
 Metaspace       used 96050K, capacity 98467K, committed 98688K, reserved 1134592K
  class space    used 12276K, capacity 13104K, committed 13184K, reserved 1048576K
}
Event: 45.043 GC heap before
{Heap before GC invocations=37 (full 0):
 garbage-first heap   total 157696K, used 131411K [0x0000000080000000, 0x0000000100000000)
  region size 1024K, 20 young (20480K), 3 survivors (3072K)
 Metaspace       used 96237K, capacity 98644K, committed 98688K, reserved 1134592K
  class space    used 12307K, capacity 13142K, committed 13184K, reserved 1048576K
}
Event: 45.054 GC heap after
{Heap after GC invocations=38 (full 0):
 garbage-first heap   total 157696K, used 117760K [0x0000000080000000, 0x0000000100000000)
  region size 1024K, 3 young (3072K), 3 survivors (3072K)
 Metaspace       used 96237K, capacity 98644K, committed 98688K, reserved 1134592K
  class space    used 12307K, capacity 13142K, committed 13184K, reserved 1048576K
}
Event: 45.137 GC heap before
{Heap before GC invocations=38 (full 0):
 garbage-first heap   total 157696K, used 132096K [0x0000000080000000, 0x0000000100000000)
  region size 1024K, 18 young (18432K), 3 survivors (3072K)
 Metaspace       used 96279K, capacity 98630K, committed 99072K, reserved 1134592K
  class space    used 12304K, capacity 13109K, committed 13312K, reserved 1048576K
}
Event: 45.146 GC heap after
{Heap after GC invocations=39 (full 0):
 garbage-first heap   total 157696K, used 121280K [0x0000000080000000, 0x0000000100000000)
  region size 1024K, 3 young (3072K), 3 survivors (3072K)
 Metaspace       used 96279K, capacity 98630K, committed 99072K, reserved 1134592K
  class space    used 12304K, capacity 13109K, committed 13312K, reserved 1048576K
}
Event: 45.227 GC heap before
{Heap before GC invocations=40 (full 0):
 garbage-first heap   total 157696K, used 132544K [0x0000000080000000, 0x0000000100000000)
  region size 1024K, 15 young (15360K), 3 survivors (3072K)
 Metaspace       used 96719K, capacity 99025K, committed 99328K, reserved 1134592K
  class space    used 12367K, capacity 13155K, committed 13312K, reserved 1048576K
}
Event: 45.237 GC heap after
{Heap after GC invocations=41 (full 0):
 garbage-first heap   total 157696K, used 123871K [0x0000000080000000, 0x0000000100000000)
  region size 1024K, 2 young (2048K), 2 survivors (2048K)
 Metaspace       used 96719K, capacity 99025K, committed 99328K, reserved 1134592K
  class space    used 12367K, capacity 13155K, committed 13312K, reserved 1048576K
}
Event: 45.254 GC heap before
{Heap before GC invocations=41 (full 0):
 garbage-first heap   total 157696K, used 128991K [0x0000000080000000, 0x0000000100000000)
  region size 1024K, 7 young (7168K), 2 survivors (2048K)
 Metaspace       used 96852K, capacity 99212K, committed 99584K, reserved 1136640K
  class space    used 12385K, capacity 13196K, committed 13312K, reserved 1048576K
}
Event: 45.271 GC heap after
{Heap after GC invocations=42 (full 0):
 garbage-first heap   total 157696K, used 121074K [0x0000000080000000, 0x0000000100000000)
  region size 1024K, 1 young (1024K), 1 survivors (1024K)
 Metaspace       used 96852K, capacity 99212K, committed 99584K, reserved 1136640K
  class space    used 12385K, capacity 13196K, committed 13312K, reserved 1048576K
}
Event: 45.314 GC heap before
{Heap before GC invocations=42 (full 0):
 garbage-first heap   total 157696K, used 131314K [0x0000000080000000, 0x0000000100000000)
  region size 1024K, 12 young (12288K), 1 survivors (1024K)
 Metaspace       used 97210K, capacity 99598K, committed 99840K, reserved 1136640K
  class space    used 12440K, capacity 13264K, committed 13312K, reserved 1048576K
}
Event: 45.322 GC heap after
{Heap after GC invocations=43 (full 0):
 garbage-first heap   total 157696K, used 123943K [0x0000000080000000, 0x0000000100000000)
  region size 1024K, 2 young (2048K), 2 survivors (2048K)
 Metaspace       used 97210K, capacity 99598K, committed 99840K, reserved 1136640K
  class space    used 12440K, capacity 13264K, committed 13312K, reserved 1048576K
}
Event: 45.398 GC heap before
{Heap before GC invocations=43 (full 0):
 garbage-first heap   total 157696K, used 133159K [0x0000000080000000, 0x0000000100000000)
  region size 1024K, 12 young (12288K), 2 survivors (2048K)
 Metaspace       used 97824K, capacity 100266K, committed 100480K, reserved 1136640K
  class space    used 12545K, capacity 13360K, committed 13440K, reserved 1048576K
}
Event: 45.411 GC heap after
{Heap after GC invocations=44 (full 0):
 garbage-first heap   total 289792K, used 126238K [0x0000000080000000, 0x0000000100000000)
  region size 1024K, 2 young (2048K), 2 survivors (2048K)
 Metaspace       used 97824K, capacity 100266K, committed 100480K, reserved 1136640K
  class space    used 12545K, capacity 13360K, committed 13440K, reserved 1048576K
}
Event: 45.822 GC heap before
{Heap before GC invocations=45 (full 0):
 garbage-first heap   total 289792K, used 181534K [0x0000000080000000, 0x0000000100000000)
  region size 1024K, 56 young (57344K), 2 survivors (2048K)
 Metaspace       used 99490K, capacity 102060K, committed 102272K, reserved 1138688K
  class space    used 12781K, capacity 13634K, committed 13696K, reserved 1048576K
}
Event: 45.835 GC heap after
{Heap after GC invocations=46 (full 0):
 garbage-first heap   total 289792K, used 132520K [0x0000000080000000, 0x0000000100000000)
  region size 1024K, 7 young (7168K), 7 survivors (7168K)
 Metaspace       used 99490K, capacity 102060K, committed 102272K, reserved 1138688K
  class space    used 12781K, capacity 13634K, committed 13696K, reserved 1048576K
}
Event: 46.017 GC heap before
{Heap before GC invocations=46 (full 0):
 garbage-first heap   total 289792K, used 188840K [0x0000000080000000, 0x0000000100000000)
  region size 1024K, 63 young (64512K), 7 survivors (7168K)
 Metaspace       used 99930K, capacity 102521K, committed 102656K, reserved 1138688K
  class space    used 12825K, capacity 13698K, committed 13824K, reserved 1048576K
}
Event: 46.035 GC heap after
{Heap after GC invocations=47 (full 0):
 garbage-first heap   total 289792K, used 138109K [0x0000000080000000, 0x0000000100000000)
  region size 1024K, 6 young (6144K), 6 survivors (6144K)
 Metaspace       used 99930K, capacity 102521K, committed 102656K, reserved 1138688K
  class space    used 12825K, capacity 13698K, committed 13824K, reserved 1048576K
}
Event: 46.247 GC heap before
{Heap before GC invocations=47 (full 0):
 garbage-first heap   total 289792K, used 197501K [0x0000000080000000, 0x0000000100000000)
  region size 1024K, 65 young (66560K), 6 survivors (6144K)
 Metaspace       used 100244K, capacity 102789K, committed 103168K, reserved 1138688K
  class space    used 12848K, capacity 13700K, committed 13824K, reserved 1048576K
}
Event: 46.259 GC heap after
{Heap after GC invocations=48 (full 0):
 garbage-first heap   total 289792K, used 140454K [0x0000000080000000, 0x0000000100000000)
  region size 1024K, 3 young (3072K), 3 survivors (3072K)
 Metaspace       used 100244K, capacity 102789K, committed 103168K, reserved 1138688K
  class space    used 12848K, capacity 13700K, committed 13824K, reserved 1048576K
}
Event: 46.552 GC heap before
{Heap before GC invocations=48 (full 0):
 garbage-first heap   total 289792K, used 203942K [0x0000000080000000, 0x0000000100000000)
  region size 1024K, 66 young (67584K), 3 survivors (3072K)
 Metaspace       used 100279K, capacity 102873K, committed 103168K, reserved 1138688K
  class space    used 12854K, capacity 13726K, committed 13824K, reserved 1048576K
}

