# JRE version: OpenJDK Runtime Environment (11.0.8+10) (build 11.0.8+10-b944.6842174)
# Java VM: OpenJDK 64-Bit Server VM (11.0.8+10-b944.6842174, mixed mode, tiered, compressed oops, g1 gc, windows-amd64)
Heap:
 garbage-first heap   total 227328K, used 158363K [0x0000000080000000, 0x0000000100000000)
  region size 1024K, 61 young (62464K), 5 survivors (5120K)
 Metaspace       used 103789K, capacity 106658K, committed 106752K, reserved 1142784K
  class space    used 13347K, capacity 14368K, committed 14412K, reserved 1048576K
GC Heap History (20 events):
Event: 5.284 GC heap before
{Heap before GC invocations=12 (full 0):
 garbage-first heap   total 157696K, used 117569K [0x0000000080000000, 0x0000000100000000)
  region size 1024K, 58 young (59392K), 8 survivors (8192K)
 Metaspace       used 58236K, capacity 59874K, committed 59980K, reserved 1101824K
  class space    used 7456K, capacity 7972K, committed 8012K, reserved 1048576K
}
Event: 5.291 GC heap after
{Heap after GC invocations=13 (full 0):
 garbage-first heap   total 157696K, used 70805K [0x0000000080000000, 0x0000000100000000)
  region size 1024K, 4 young (4096K), 4 survivors (4096K)
 Metaspace       used 58236K, capacity 59874K, committed 59980K, reserved 1101824K
  class space    used 7456K, capacity 7972K, committed 8012K, reserved 1048576K
}
Event: 5.307 GC heap before
{Heap before GC invocations=13 (full 0):
 garbage-first heap   total 157696K, used 72853K [0x0000000080000000, 0x0000000100000000)
  region size 1024K, 7 young (7168K), 4 survivors (4096K)
 Metaspace       used 58437K, capacity 60105K, committed 60288K, reserved 1101824K
  class space    used 7481K, capacity 8005K, committed 8140K, reserved 1048576K
}
Event: 5.312 GC heap after
{Heap after GC invocations=14 (full 0):
 garbage-first heap   total 157696K, used 71143K [0x0000000080000000, 0x0000000100000000)
  region size 1024K, 4 young (4096K), 4 survivors (4096K)
 Metaspace       used 58437K, capacity 60105K, committed 60288K, reserved 1101824K
  class space    used 7481K, capacity 8005K, committed 8140K, reserved 1048576K
}
Event: 5.732 GC heap before
{Heap before GC invocations=15 (full 0):
 garbage-first heap   total 157696K, used 115175K [0x0000000080000000, 0x0000000100000000)
  region size 1024K, 46 young (47104K), 4 survivors (4096K)
 Metaspace       used 62756K, capacity 64402K, committed 64640K, reserved 1105920K
  class space    used 7987K, capacity 8533K, committed 8652K, reserved 1048576K
}
Event: 5.737 GC heap after
{Heap after GC invocations=16 (full 0):
 garbage-first heap   total 157696K, used 73182K [0x0000000080000000, 0x0000000100000000)
  region size 1024K, 3 young (3072K), 3 survivors (3072K)
 Metaspace       used 62756K, capacity 64402K, committed 64640K, reserved 1105920K
  class space    used 7987K, capacity 8533K, committed 8652K, reserved 1048576K
}
Event: 6.054 GC heap before
{Heap before GC invocations=17 (full 0):
 garbage-first heap   total 157696K, used 117214K [0x0000000080000000, 0x0000000100000000)
  region size 1024K, 46 young (47104K), 3 survivors (3072K)
 Metaspace       used 65600K, capacity 67347K, committed 67584K, reserved 1107968K
  class space    used 8400K, capacity 8960K, committed 9036K, reserved 1048576K
}
Event: 6.060 GC heap after
{Heap after GC invocations=18 (full 0):
 garbage-first heap   total 189440K, used 76866K [0x0000000080000000, 0x0000000100000000)
  region size 1024K, 6 young (6144K), 6 survivors (6144K)
 Metaspace       used 65600K, capacity 67347K, committed 67584K, reserved 1107968K
  class space    used 8400K, capacity 8960K, committed 9036K, reserved 1048576K
}
Event: 6.606 GC heap before
{Heap before GC invocations=18 (full 0):
 garbage-first heap   total 189440K, used 133186K [0x0000000080000000, 0x0000000100000000)
  region size 1024K, 61 young (62464K), 6 survivors (6144K)
 Metaspace       used 72361K, capacity 74229K, committed 74496K, reserved 1114112K
  class space    used 9387K, capacity 9991K, committed 10060K, reserved 1048576K
}
Event: 6.614 GC heap after
{Heap after GC invocations=19 (full 0):
 garbage-first heap   total 189440K, used 80278K [0x0000000080000000, 0x0000000100000000)
  region size 1024K, 7 young (7168K), 7 survivors (7168K)
 Metaspace       used 72361K, capacity 74229K, committed 74496K, reserved 1114112K
  class space    used 9387K, capacity 9991K, committed 10060K, reserved 1048576K
}
Event: 7.144 GC heap before
{Heap before GC invocations=19 (full 0):
 garbage-first heap   total 189440K, used 137622K [0x0000000080000000, 0x0000000100000000)
  region size 1024K, 63 young (64512K), 7 survivors (7168K)
 Metaspace       used 76882K, capacity 78755K, committed 78848K, reserved 1118208K
  class space    used 9921K, capacity 10536K, committed 10572K, reserved 1048576K
}
Event: 7.152 GC heap after
{Heap after GC invocations=20 (full 0):
 garbage-first heap   total 189440K, used 84843K [0x0000000080000000, 0x0000000100000000)
  region size 1024K, 8 young (8192K), 8 survivors (8192K)
 Metaspace       used 76882K, capacity 78755K, committed 78848K, reserved 1118208K
  class space    used 9921K, capacity 10536K, committed 10572K, reserved 1048576K
}
Event: 7.650 GC heap before
{Heap before GC invocations=20 (full 0):
 garbage-first heap   total 189440K, used 141163K [0x0000000080000000, 0x0000000100000000)
  region size 1024K, 64 young (65536K), 8 survivors (8192K)
 Metaspace       used 80873K, capacity 83123K, committed 83200K, reserved 1122304K
  class space    used 10556K, capacity 11307K, committed 11340K, reserved 1048576K
}
Event: 7.657 GC heap after
{Heap after GC invocations=21 (full 0):
 garbage-first heap   total 189440K, used 88223K [0x0000000080000000, 0x0000000100000000)
  region size 1024K, 4 young (4096K), 4 survivors (4096K)
 Metaspace       used 80873K, capacity 83123K, committed 83200K, reserved 1122304K
  class space    used 10556K, capacity 11307K, committed 11340K, reserved 1048576K
}
Event: 8.116 GC heap before
{Heap before GC invocations=21 (full 0):
 garbage-first heap   total 189440K, used 145567K [0x0000000080000000, 0x0000000100000000)
  region size 1024K, 60 young (61440K), 4 survivors (4096K)
 Metaspace       used 86151K, capacity 88451K, committed 88576K, reserved 1126400K
  class space    used 11232K, capacity 12028K, committed 12108K, reserved 1048576K
}
Event: 8.123 GC heap after
{Heap after GC invocations=22 (full 0):
 garbage-first heap   total 227328K, used 90704K [0x0000000080000000, 0x0000000100000000)
  region size 1024K, 7 young (7168K), 7 survivors (7168K)
 Metaspace       used 86151K, capacity 88451K, committed 88576K, reserved 1126400K
  class space    used 11232K, capacity 12028K, committed 12108K, reserved 1048576K
}
Event: 10.298 GC heap before
{Heap before GC invocations=22 (full 0):
 garbage-first heap   total 227328K, used 162384K [0x0000000080000000, 0x0000000100000000)
  region size 1024K, 78 young (79872K), 7 survivors (7168K)
 Metaspace       used 94072K, capacity 96664K, committed 97024K, reserved 1132544K
  class space    used 12178K, capacity 13020K, committed 13132K, reserved 1048576K
}
Event: 10.307 GC heap after
{Heap after GC invocations=23 (full 0):
 garbage-first heap   total 227328K, used 97199K [0x0000000080000000, 0x0000000100000000)
  region size 1024K, 10 young (10240K), 10 survivors (10240K)
 Metaspace       used 94072K, capacity 96664K, committed 97024K, reserved 1132544K
  class space    used 12178K, capacity 13020K, committed 13132K, reserved 1048576K
}
Event: 10.902 GC heap before
{Heap before GC invocations=23 (full 0):
 garbage-first heap   total 227328K, used 167855K [0x0000000080000000, 0x0000000100000000)
  region size 1024K, 80 young (81920K), 10 survivors (10240K)
 Metaspace       used 99064K, capacity 101741K, committed 102016K, reserved 1138688K
  class space    used 12781K, capacity 13680K, committed 13772K, reserved 1048576K
}
Event: 10.912 GC heap after
{Heap after GC invocations=24 (full 0):
 garbage-first heap   total 227328K, used 102043K [0x0000000080000000, 0x0000000100000000)
  region size 1024K, 5 young (5120K), 5 survivors (5120K)
 Metaspace       used 99064K, capacity 101741K, committed 102016K, reserved 1138688K
  class space    used 12781K, capacity 13680K, committed 13772K, reserved 1048576K
}

