# JRE version: OpenJDK Runtime Environment (11.0.8+10) (build 11.0.8+10-b944.6842174)
# Java VM: OpenJDK 64-Bit Server VM (11.0.8+10-b944.6842174, mixed mode, tiered, compressed oops, g1 gc, windows-amd64)
Heap:
 garbage-first heap   total 189440K, used 101362K [0x0000000080000000, 0x0000000100000000)
  region size 1024K, 44 young (45056K), 9 survivors (9216K)
 Metaspace       used 82366K, capacity 84234K, committed 84480K, reserved 1122304K
  class space    used 10727K, capacity 11401K, committed 11520K, reserved 1048576K
GC Heap History (20 events):
Event: 2.307 GC heap before
{Heap before GC invocations=4 (full 0):
 garbage-first heap   total 131072K, used 66136K [0x0000000080000000, 0x0000000100000000)
  region size 1024K, 51 young (52224K), 1 survivors (1024K)
 Metaspace       used 26363K, capacity 26937K, committed 27008K, reserved 1073152K
  class space    used 3457K, capacity 3698K, committed 3712K, reserved 1048576K
}
Event: 2.310 GC heap after
{Heap after GC invocations=5 (full 0):
 garbage-first heap   total 131072K, used 17706K [0x0000000080000000, 0x0000000100000000)
  region size 1024K, 3 young (3072K), 3 survivors (3072K)
 Metaspace       used 26363K, capacity 26937K, committed 27008K, reserved 1073152K
  class space    used 3457K, capacity 3698K, committed 3712K, reserved 1048576K
}
Event: 2.782 GC heap before
{Heap before GC invocations=5 (full 0):
 garbage-first heap   total 131072K, used 64810K [0x0000000080000000, 0x0000000100000000)
  region size 1024K, 50 young (51200K), 3 survivors (3072K)
 Metaspace       used 35120K, capacity 35773K, committed 35840K, reserved 1081344K
  class space    used 4571K, capacity 4856K, committed 4864K, reserved 1048576K
}
Event: 2.788 GC heap after
{Heap after GC invocations=6 (full 0):
 garbage-first heap   total 131072K, used 21064K [0x0000000080000000, 0x0000000100000000)
  region size 1024K, 6 young (6144K), 6 survivors (6144K)
 Metaspace       used 35120K, capacity 35773K, committed 35840K, reserved 1081344K
  class space    used 4571K, capacity 4856K, committed 4864K, reserved 1048576K
}
Event: 3.276 GC heap before
{Heap before GC invocations=7 (full 0):
 garbage-first heap   total 131072K, used 84552K [0x0000000080000000, 0x0000000100000000)
  region size 1024K, 65 young (66560K), 6 survivors (6144K)
 Metaspace       used 40805K, capacity 41726K, committed 41984K, reserved 1085440K
  class space    used 5213K, capacity 5533K, committed 5632K, reserved 1048576K
}
Event: 3.282 GC heap after
{Heap after GC invocations=8 (full 0):
 garbage-first heap   total 131072K, used 25005K [0x0000000080000000, 0x0000000100000000)
  region size 1024K, 8 young (8192K), 8 survivors (8192K)
 Metaspace       used 40805K, capacity 41726K, committed 41984K, reserved 1085440K
  class space    used 5213K, capacity 5533K, committed 5632K, reserved 1048576K
}
Event: 3.754 GC heap before
{Heap before GC invocations=8 (full 0):
 garbage-first heap   total 131072K, used 85421K [0x0000000080000000, 0x0000000100000000)
  region size 1024K, 67 young (68608K), 8 survivors (8192K)
 Metaspace       used 44443K, capacity 45528K, committed 45824K, reserved 1089536K
  class space    used 5704K, capacity 6079K, committed 6144K, reserved 1048576K
}
Event: 3.760 GC heap after
{Heap after GC invocations=9 (full 0):
 garbage-first heap   total 157696K, used 28411K [0x0000000080000000, 0x0000000100000000)
  region size 1024K, 8 young (8192K), 8 survivors (8192K)
 Metaspace       used 44443K, capacity 45528K, committed 45824K, reserved 1089536K
  class space    used 5704K, capacity 6079K, committed 6144K, reserved 1048576K
}
Event: 4.346 GC heap before
{Heap before GC invocations=9 (full 0):
 garbage-first heap   total 157696K, used 110331K [0x0000000080000000, 0x0000000100000000)
  region size 1024K, 82 young (83968K), 8 survivors (8192K)
 Metaspace       used 51581K, capacity 52868K, committed 52992K, reserved 1095680K
  class space    used 6589K, capacity 7062K, committed 7168K, reserved 1048576K
}
Event: 4.353 GC heap after
{Heap after GC invocations=10 (full 0):
 garbage-first heap   total 157696K, used 44446K [0x0000000080000000, 0x0000000100000000)
  region size 1024K, 11 young (11264K), 11 survivors (11264K)
 Metaspace       used 51581K, capacity 52868K, committed 52992K, reserved 1095680K
  class space    used 6589K, capacity 7062K, committed 7168K, reserved 1048576K
}
Event: 4.917 GC heap before
{Heap before GC invocations=10 (full 0):
 garbage-first heap   total 157696K, used 101790K [0x0000000080000000, 0x0000000100000000)
  region size 1024K, 67 young (68608K), 11 survivors (11264K)
 Metaspace       used 58540K, capacity 60069K, committed 60160K, reserved 1101824K
  class space    used 7442K, capacity 7974K, committed 8064K, reserved 1048576K
}
Event: 4.932 GC heap after
{Heap after GC invocations=11 (full 0):
 garbage-first heap   total 157696K, used 49908K [0x0000000080000000, 0x0000000100000000)
  region size 1024K, 5 young (5120K), 5 survivors (5120K)
 Metaspace       used 58540K, capacity 60069K, committed 60160K, reserved 1101824K
  class space    used 7442K, capacity 7974K, committed 8064K, reserved 1048576K
}
Event: 5.458 GC heap before
{Heap before GC invocations=12 (full 0):
 garbage-first heap   total 157696K, used 112372K [0x0000000080000000, 0x0000000100000000)
  region size 1024K, 66 young (67584K), 5 survivors (5120K)
 Metaspace       used 63050K, capacity 64531K, committed 64640K, reserved 1105920K
  class space    used 7998K, capacity 8559K, committed 8576K, reserved 1048576K
}
Event: 5.464 GC heap after
{Heap after GC invocations=13 (full 0):
 garbage-first heap   total 157696K, used 54111K [0x0000000080000000, 0x0000000100000000)
  region size 1024K, 9 young (9216K), 9 survivors (9216K)
 Metaspace       used 63050K, capacity 64531K, committed 64640K, reserved 1105920K
  class space    used 7998K, capacity 8559K, committed 8576K, reserved 1048576K
}
Event: 6.050 GC heap before
{Heap before GC invocations=13 (full 0):
 garbage-first heap   total 157696K, used 115551K [0x0000000080000000, 0x0000000100000000)
  region size 1024K, 69 young (70656K), 9 survivors (9216K)
 Metaspace       used 70909K, capacity 72511K, committed 72576K, reserved 1112064K
  class space    used 9203K, capacity 9802K, committed 9856K, reserved 1048576K
}
Event: 6.059 GC heap after
{Heap after GC invocations=14 (full 0):
 garbage-first heap   total 157696K, used 57952K [0x0000000080000000, 0x0000000100000000)
  region size 1024K, 9 young (9216K), 9 survivors (9216K)
 Metaspace       used 70909K, capacity 72511K, committed 72576K, reserved 1112064K
  class space    used 9203K, capacity 9802K, committed 9856K, reserved 1048576K
}
Event: 6.663 GC heap before
{Heap before GC invocations=14 (full 0):
 garbage-first heap   total 157696K, used 119392K [0x0000000080000000, 0x0000000100000000)
  region size 1024K, 69 young (70656K), 9 survivors (9216K)
 Metaspace       used 76610K, capacity 78334K, committed 78464K, reserved 1118208K
  class space    used 9941K, capacity 10564K, committed 10624K, reserved 1048576K
}
Event: 6.673 GC heap after
{Heap after GC invocations=15 (full 0):
 garbage-first heap   total 189440K, used 61741K [0x0000000080000000, 0x0000000100000000)
  region size 1024K, 8 young (8192K), 8 survivors (8192K)
 Metaspace       used 76610K, capacity 78334K, committed 78464K, reserved 1118208K
  class space    used 9941K, capacity 10564K, committed 10624K, reserved 1048576K
}
Event: 7.338 GC heap before
{Heap before GC invocations=15 (full 0):
 garbage-first heap   total 189440K, used 135469K [0x0000000080000000, 0x0000000100000000)
  region size 1024K, 81 young (82944K), 8 survivors (8192K)
 Metaspace       used 79515K, capacity 81513K, committed 81792K, reserved 1120256K
  class space    used 10367K, capacity 11049K, committed 11136K, reserved 1048576K
}
Event: 7.346 GC heap after
{Heap after GC invocations=16 (full 0):
 garbage-first heap   total 189440K, used 66546K [0x0000000080000000, 0x0000000100000000)
  region size 1024K, 9 young (9216K), 9 survivors (9216K)
 Metaspace       used 79515K, capacity 81513K, committed 81792K, reserved 1120256K
  class space    used 10367K, capacity 11049K, committed 11136K, reserved 1048576K
}

